Log file open, 03/05/25 12:17:59
LogWindows: Failed to load 'aqProf.dll' (GetLastError=126)
LogWindows: File 'aqProf.dll' does not exist
LogWindows: Failed to load 'VtuneApi.dll' (GetLastError=126)
LogWindows: File 'VtuneApi.dll' does not exist
LogWindows: Failed to load 'VtuneApi32e.dll' (GetLastError=126)
LogWindows: File 'VtuneApi32e.dll' does not exist
LogConsoleResponse: Display: Failed to find resolution value strings in scalability ini. Falling back to default.
LogConsoleResponse: Display: Failed to find resolution value strings in scalability ini. Falling back to default.
LogInit: Display: Running engine for game: Jam_2025_03
LogPlatformFile: Not using cached read wrapper
LogTaskGraph: Started task graph with 5 named threads and 59 total threads with 3 sets of task threads.
LogStats: Stats thread started at 0.262242
LogICUInternationalization: ICU TimeZone Detection - Raw Offset: +9:00, Platform Override: ''
LogInit: Display: Loading text-based GConfig....
LogPluginManager: Mounting plugin MeshPainting
LogPluginManager: Mounting plugin XGEController
LogPluginManager: Mounting plugin AISupport
LogPluginManager: Mounting plugin Paper2D
LogPluginManager: Mounting plugin EnvironmentQueryEditor
LogPluginManager: Mounting plugin LightPropagationVolume
LogPluginManager: Mounting plugin LiveLink
LogPluginManager: Mounting plugin GameplayCameras
LogPluginManager: Mounting plugin CameraShakePreviewer
LogPluginManager: Mounting plugin OodleData
LogPluginManager: Mounting plugin OodleNetwork
LogPluginManager: Mounting plugin VariantManagerContent
LogPluginManager: Mounting plugin AlembicImporter
LogPluginManager: Mounting plugin BackChannel
LogPluginManager: Mounting plugin AutomationUtils
LogPluginManager: Mounting plugin DatasmithContent
LogPluginManager: Mounting plugin ChaosCloth
LogPluginManager: Mounting plugin Niagara
LogPluginManager: Mounting plugin ChaosSolverPlugin
LogPluginManager: Mounting plugin ChaosNiagara
LogPluginManager: Mounting plugin ChaosClothEditor
LogPluginManager: Mounting plugin ChaosEditor
LogPluginManager: Mounting plugin CharacterAI
LogPluginManager: Mounting plugin LuminPlatformFeatures
LogPluginManager: Mounting plugin MagicLeap
LogPluginManager: Mounting plugin MagicLeapMedia
LogPluginManager: Mounting plugin MagicLeapLightEstimation
LogPluginManager: Mounting plugin AssetManagerEditor
LogPluginManager: Mounting plugin CurveEditorTools
LogPluginManager: Mounting plugin CryptoKeys
LogPluginManager: Mounting plugin MacGraphicsSwitching
LogPluginManager: Mounting plugin MLSDK
LogPluginManager: Mounting plugin MaterialAnalyzer
LogPluginManager: Mounting plugin SpeedTreeImporter
LogPluginManager: Mounting plugin DataValidation
LogPluginManager: Mounting plugin GeometryMode
LogPluginManager: Mounting plugin PluginBrowser
LogPluginManager: Mounting plugin GameplayTagsEditor
LogPluginManager: Mounting plugin MagicLeapPassableWorld
LogPluginManager: Mounting plugin FacialAnimation
LogPluginManager: Mounting plugin AndroidMedia
LogPluginManager: Mounting plugin MobileLauncherProfileWizard
LogPluginManager: Mounting plugin MediaCompositing
LogPluginManager: Mounting plugin AvfMedia
LogPluginManager: Mounting plugin ImgMedia
LogPluginManager: Mounting plugin WebMMedia
LogPluginManager: Mounting plugin MediaPlayerEditor
LogPluginManager: Mounting plugin GeometryCache
LogPluginManager: Mounting plugin WmfMedia
LogPluginManager: Mounting plugin GeometryProcessing
LogPluginManager: Mounting plugin GeometryCollectionPlugin
LogPluginManager: Mounting plugin MotoSynth
LogPluginManager: Mounting plugin OpenImageDenoise
LogPluginManager: Mounting plugin PlanarCut
LogPluginManager: Mounting plugin TcpMessaging
LogPluginManager: Mounting plugin PlatformCrypto
LogPluginManager: Mounting plugin ProxyLODPlugin
LogPluginManager: Mounting plugin UdpMessaging
LogPluginManager: Mounting plugin PythonScriptPlugin
LogPluginManager: Mounting plugin OnlineSubsystem
LogPluginManager: Mounting plugin ActorLayerUtilities
LogPluginManager: Mounting plugin ActorSequence
LogPluginManager: Mounting plugin OnlineSubsystemNull
LogPluginManager: Mounting plugin MatineeToLevelSequence
LogPluginManager: Mounting plugin AndroidDeviceProfileSelector
LogPluginManager: Mounting plugin LevelSequenceEditor
LogPluginManager: Mounting plugin AndroidPermission
LogPluginManager: Mounting plugin TemplateSequence
LogPluginManager: Mounting plugin AppleMoviePlayer
LogPluginManager: Mounting plugin ArchVisCharacter
LogPluginManager: Mounting plugin AppleImageUtils
LogPluginManager: Mounting plugin AudioCapture
LogPluginManager: Mounting plugin AudioSynesthesia
LogPluginManager: Mounting plugin AssetTags
LogPluginManager: Mounting plugin CustomMeshComponent
LogPluginManager: Mounting plugin GoogleCloudMessaging
LogPluginManager: Mounting plugin AndroidMoviePlayer
LogPluginManager: Mounting plugin ExampleDeviceProfileSelector
LogPluginManager: Mounting plugin OnlineSubsystemUtils
LogPluginManager: Mounting plugin CableComponent
LogPluginManager: Mounting plugin EditableMesh
LogPluginManager: Mounting plugin ScreenshotTools
LogPluginManager: Mounting plugin GooglePAD
LogPluginManager: Mounting plugin SkeletalReduction
LogPluginManager: Mounting plugin IOSDeviceProfileSelector
LogPluginManager: Mounting plugin ChunkDownloader
LogPluginManager: Mounting plugin LinuxDeviceProfileSelector
LogPluginManager: Mounting plugin MobilePatchingUtils
LogPluginManager: Mounting plugin LauncherChunkInstaller
LogPluginManager: Mounting plugin LocationServicesBPLibrary
LogPluginManager: Mounting plugin OpenXREyeTracker
LogPluginManager: Mounting plugin OpenXRHandTracking
LogPluginManager: Mounting plugin OpenXR
LogPluginManager: Mounting plugin ProceduralMeshComponent
LogPluginManager: Mounting plugin PropertyAccessEditor
LogPluginManager: Mounting plugin PhysXVehicles
LogPluginManager: Mounting plugin PostSplashScreen
LogPluginManager: Mounting plugin RuntimePhysXCooking
LogPluginManager: Mounting plugin Takes
LogPluginManager: Mounting plugin SignificanceManager
LogPluginManager: Mounting plugin SoundFields
LogPluginManager: Mounting plugin Synthesis
LogPluginManager: Mounting plugin WebMMoviePlayer
LogPluginManager: Mounting plugin AnimationSharing
LogPluginManager: Mounting plugin WindowsMoviePlayer
LogPluginManager: Mounting plugin KDevelopSourceCodeAccess
LogPluginManager: Mounting plugin CodeLiteSourceCodeAccess
LogPluginManager: Mounting plugin NullSourceCodeAccess
LogPluginManager: Mounting plugin GitSourceControl
LogPluginManager: Mounting plugin PropertyAccessNode
LogPluginManager: Mounting plugin PluginUtils
LogPluginManager: Mounting plugin SubversionSourceControl
LogPluginManager: Mounting plugin RiderSourceCodeAccess
LogPluginManager: Mounting plugin PlasticSourceControl
LogPluginManager: Mounting plugin PixWinPlugin
LogPluginManager: Mounting plugin PerforceSourceControl
LogPluginManager: Mounting plugin CLionSourceCodeAccess
LogPluginManager: Mounting plugin UObjectPlugin
LogPluginManager: Mounting plugin TextureFormatOodle
LogPluginManager: Mounting plugin XCodeSourceCodeAccess
LogPluginManager: Mounting plugin VisualStudioSourceCodeAccess
LogPluginManager: Mounting plugin VisualStudioCodeSourceCodeAccess
LogPluginManager: Mounting plugin ContentBrowserAssetDataSource
LogPluginManager: Mounting plugin ContentBrowserFileDataSource
LogPluginManager: Mounting plugin ContentBrowserClassDataSource
LogPluginManager: Mounting plugin OnlineSubsystemIOS
LogPluginManager: Mounting plugin OnlineSubsystemGooglePlay
LogPluginManager: Mounting plugin OculusVR
LogPluginManager: Mounting plugin SteamVR
LogInit: Using libcurl 7.55.1-DEV
LogInit:  - built for x86_64-pc-win32
LogInit:  - supports SSL with OpenSSL/1.1.1
LogInit:  - supports HTTP deflate (compression) using libz 1.2.8
LogInit:  - other features:
LogInit:      CURL_VERSION_SSL
LogInit:      CURL_VERSION_LIBZ
LogInit:      CURL_VERSION_IPV6
LogInit:      CURL_VERSION_ASYNCHDNS
LogInit:      CURL_VERSION_LARGEFILE
LogInit:      CURL_VERSION_IDN
LogInit:  CurlRequestOptions (configurable via config and command line):
LogInit:  - bVerifyPeer = true  - Libcurl will verify peer certificate
LogInit:  - bUseHttpProxy = false  - Libcurl will NOT use HTTP proxy
LogInit:  - bDontReuseConnections = false  - Libcurl will reuse connections
LogInit:  - MaxHostConnections = 16  - Libcurl will limit the number of connections to a host
LogInit:  - LocalHostAddr = Default
LogInit:  - BufferSize = 65536
LogOnline: OSS: Creating online subsystem instance for: NULL
LogInit: WinSock: version 1.1 (2.2), MaxSocks=32767, MaxUdp=65467
LogOnline: OSS: TryLoadSubsystemAndSetDefault: Loaded subsystem for module [NULL]
PixWinPlugin: PIX capture plugin failed to initialize! Check that the process is launched from PIX.
LogOculusPluginWrapper: OculusPlugin initialized successfully
LogHMD: Failed initializing OVRPlugin 1.59.0
LogInit: Build: ++UE4+Release-4.27-CL-18319896
LogInit: Engine Version: 4.27.2-18319896+++UE4+Release-4.27
LogInit: Compatible Engine Version: 4.27.0-17155196+++UE4+Release-4.27
LogInit: Net CL: 17155196
LogInit: OS: Windows 10 (Release 2009) (), CPU: 12th Gen Intel(R) Core(TM) i7-12700H, GPU: Intel(R) Iris(R) Xe Graphics
LogInit: Compiled (64-bit): Nov 30 2021 07:12:08
LogInit: Compiled with Visual C++: 19.24.28315.00
LogInit: Build Configuration: Development
LogInit: Branch Name: ++UE4+Release-4.27
LogInit: Command Line: 
LogInit: Base Directory: C:/Program Files/Epic Games/UE_4.27/Engine/Binaries/Win64/
LogInit: Allocator: TBB
LogInit: Installed Engine Build: 1
LogDevObjectVersion: Number of dev versions registered: 29
LogDevObjectVersion:   Dev-Blueprints (B0D832E4-1F89-4F0D-ACCF-7EB736FD4AA2): 10
LogDevObjectVersion:   Dev-Build (E1C64328-A22C-4D53-A36C-8E866417BD8C): 0
LogDevObjectVersion:   Dev-Core (375EC13C-06E4-48FB-B500-84F0262A717E): 4
LogDevObjectVersion:   Dev-Editor (E4B068ED-F494-42E9-A231-DA0B2E46BB41): 40
LogDevObjectVersion:   Dev-Framework (CFFC743F-43B0-4480-9391-14DF171D2073): 37
LogDevObjectVersion:   Dev-Mobile (B02B49B5-BB20-44E9-A304-32B752E40360): 3
LogDevObjectVersion:   Dev-Networking (A4E4105C-59A1-49B5-A7C5-40C4547EDFEE): 0
LogDevObjectVersion:   Dev-Online (39C831C9-5AE6-47DC-9A44-9C173E1C8E7C): 0
LogDevObjectVersion:   Dev-Physics (78F01B33-EBEA-4F98-B9B4-84EACCB95AA2): 14
LogDevObjectVersion:   Dev-Platform (6631380F-2D4D-43E0-8009-CF276956A95A): 0
LogDevObjectVersion:   Dev-Rendering (12F88B9F-8875-4AFC-A67C-D90C383ABD29): 45
LogDevObjectVersion:   Dev-Sequencer (7B5AE74C-D270-4C10-A958-57980B212A5A): 13
LogDevObjectVersion:   Dev-VR (D7296918-1DD6-4BDD-9DE2-64A83CC13884): 3
LogDevObjectVersion:   Dev-LoadTimes (C2A15278-BFE7-4AFE-6C17-90FF531DF755): 1
LogDevObjectVersion:   Private-Geometry (6EACA3D4-40EC-4CC1-B786-8BED09428FC5): 3
LogDevObjectVersion:   Dev-AnimPhys (29E575DD-E0A3-4627-9D10-D276232CDCEA): 17
LogDevObjectVersion:   Dev-Anim (AF43A65D-7FD3-4947-9873-3E8ED9C1BB05): 15
LogDevObjectVersion:   Dev-ReflectionCapture (6B266CEC-1EC7-4B8F-A30B-E4D90942FC07): 1
LogDevObjectVersion:   Dev-Automation (0DF73D61-A23F-47EA-B727-89E90C41499A): 1
LogDevObjectVersion:   FortniteMain (601D1886-AC64-4F84-AA16-D3DE0DEAC7D6): 47
LogDevObjectVersion:   FortniteRelease (E7086368-6B23-4C58-8439-1B7016265E91): 1
LogDevObjectVersion:   Dev-Enterprise (9DFFBCD6-494F-0158-E221-12823C92A888): 10
LogDevObjectVersion:   Dev-Niagara (F2AED0AC-9AFE-416F-8664-AA7FFA26D6FC): 1
LogDevObjectVersion:   Dev-Destruction (174F1F0B-B4C6-45A5-B13F-2EE8D0FB917D): 10
LogDevObjectVersion:   Dev-Physics-Ext (35F94A83-E258-406C-A318-09F59610247C): 41
LogDevObjectVersion:   Dev-PhysicsMaterial-Chaos (B68FC16E-8B1B-42E2-B453-215C058844FE): 1
LogDevObjectVersion:   Dev-CineCamera (B2E18506-4273-CFC2-A54E-F4BB758BBA07): 1
LogDevObjectVersion:   Dev-VirtualProduction (64F58936-FD1B-42BA-BA96-7289D5D0FA4E): 1
LogDevObjectVersion:   Dev-MediaFramework (6F0ED827-A609-4895-9C91-998D90180EA4): 2
LogInit: Presizing for max 25165824 objects, including 0 objects not considered by GC, pre-allocating 0 bytes for permanent pool.
LogConfig: Applying CVar settings from Section [/Script/Engine.StreamingSettings] File [C:/UnrealProject/Vanatan_Jam_2025_3/Jam_2025_03/Saved/Config/Windows/Engine.ini]
LogConfig: Setting CVar [[s.MinBulkDataSizeForAsyncLoading:131072]]
LogConfig: Setting CVar [[s.AsyncLoadingThreadEnabled:0]]
LogConfig: Setting CVar [[s.EventDrivenLoaderEnabled:1]]
LogConfig: Setting CVar [[s.WarnIfTimeLimitExceeded:0]]
LogConfig: Setting CVar [[s.TimeLimitExceededMultiplier:1.5]]
LogConfig: Setting CVar [[s.TimeLimitExceededMinTime:0.005]]
LogConfig: Setting CVar [[s.UseBackgroundLevelStreaming:1]]
LogConfig: Setting CVar [[s.PriorityAsyncLoadingExtraTime:15.0]]
LogConfig: Setting CVar [[s.LevelStreamingActorsUpdateTimeLimit:5.0]]
LogConfig: Setting CVar [[s.PriorityLevelStreamingActorsUpdateExtraTime:5.0]]
LogConfig: Setting CVar [[s.LevelStreamingComponentsRegistrationGranularity:10]]
LogConfig: Setting CVar [[s.UnregisterComponentsTimeLimit:1.0]]
LogConfig: Setting CVar [[s.LevelStreamingComponentsUnregistrationGranularity:5]]
LogConfig: Setting CVar [[s.FlushStreamingOnExit:1]]
LogInit: Object subsystem initialized
LogConfig: Setting CVar [[con.DebugEarlyDefault:1]]
LogConfig: Setting CVar [[r.setres:1280x720]]
[2025.03.05-03.18.00:089][  0]LogConfig: Setting CVar [[r.VSync:0]]
[2025.03.05-03.18.00:089][  0]LogConfig: Setting CVar [[r.RHICmdBypass:0]]
[2025.03.05-03.18.00:089][  0]LogConfig: Applying CVar settings from Section [/Script/Engine.RendererSettings] File [C:/UnrealProject/Vanatan_Jam_2025_3/Jam_2025_03/Saved/Config/Windows/Engine.ini]
[2025.03.05-03.18.00:089][  0]LogConfig: Setting CVar [[r.GPUCrashDebugging:0]]
[2025.03.05-03.18.00:089][  0]LogConfig: Applying CVar settings from Section [/Script/Engine.RendererOverrideSettings] File [C:/UnrealProject/Vanatan_Jam_2025_3/Jam_2025_03/Saved/Config/Windows/Engine.ini]
[2025.03.05-03.18.00:089][  0]LogConfig: Applying CVar settings from Section [/Script/Engine.StreamingSettings] File [C:/UnrealProject/Vanatan_Jam_2025_3/Jam_2025_03/Saved/Config/Windows/Engine.ini]
[2025.03.05-03.18.00:089][  0]LogConfig: Setting CVar [[s.MinBulkDataSizeForAsyncLoading:131072]]
[2025.03.05-03.18.00:089][  0]LogConfig: Setting CVar [[s.AsyncLoadingThreadEnabled:0]]
[2025.03.05-03.18.00:089][  0]LogConfig: Setting CVar [[s.EventDrivenLoaderEnabled:1]]
[2025.03.05-03.18.00:089][  0]LogConfig: Setting CVar [[s.WarnIfTimeLimitExceeded:0]]
[2025.03.05-03.18.00:089][  0]LogConfig: Setting CVar [[s.TimeLimitExceededMultiplier:1.5]]
[2025.03.05-03.18.00:089][  0]LogConfig: Setting CVar [[s.TimeLimitExceededMinTime:0.005]]
[2025.03.05-03.18.00:089][  0]LogConfig: Setting CVar [[s.UseBackgroundLevelStreaming:1]]
[2025.03.05-03.18.00:089][  0]LogConfig: Setting CVar [[s.PriorityAsyncLoadingExtraTime:15.0]]
[2025.03.05-03.18.00:089][  0]LogConfig: Setting CVar [[s.LevelStreamingActorsUpdateTimeLimit:5.0]]
[2025.03.05-03.18.00:089][  0]LogConfig: Setting CVar [[s.PriorityLevelStreamingActorsUpdateExtraTime:5.0]]
[2025.03.05-03.18.00:089][  0]LogConfig: Setting CVar [[s.LevelStreamingComponentsRegistrationGranularity:10]]
[2025.03.05-03.18.00:089][  0]LogConfig: Setting CVar [[s.UnregisterComponentsTimeLimit:1.0]]
[2025.03.05-03.18.00:089][  0]LogConfig: Setting CVar [[s.LevelStreamingComponentsUnregistrationGranularity:5]]
[2025.03.05-03.18.00:089][  0]LogConfig: Setting CVar [[s.FlushStreamingOnExit:1]]
[2025.03.05-03.18.00:089][  0]LogConfig: Applying CVar settings from Section [/Script/Engine.GarbageCollectionSettings] File [C:/UnrealProject/Vanatan_Jam_2025_3/Jam_2025_03/Saved/Config/Windows/Engine.ini]
[2025.03.05-03.18.00:089][  0]LogConfig: Setting CVar [[gc.MaxObjectsNotConsideredByGC:1]]
[2025.03.05-03.18.00:089][  0]LogConfig: Setting CVar [[gc.SizeOfPermanentObjectPool:0]]
[2025.03.05-03.18.00:089][  0]LogConfig: Setting CVar [[gc.FlushStreamingOnGC:0]]
[2025.03.05-03.18.00:089][  0]LogConfig: Setting CVar [[gc.NumRetriesBeforeForcingGC:10]]
[2025.03.05-03.18.00:089][  0]LogConfig: Setting CVar [[gc.AllowParallelGC:1]]
[2025.03.05-03.18.00:089][  0]LogConfig: Setting CVar [[gc.TimeBetweenPurgingPendingKillObjects:61.1]]
[2025.03.05-03.18.00:089][  0]LogConfig: Setting CVar [[gc.MaxObjectsInEditor:25165824]]
[2025.03.05-03.18.00:089][  0]LogConfig: Setting CVar [[gc.IncrementalBeginDestroyEnabled:1]]
[2025.03.05-03.18.00:090][  0]LogConfig: Setting CVar [[gc.CreateGCClusters:1]]
[2025.03.05-03.18.00:090][  0]LogConfig: Setting CVar [[gc.MinGCClusterSize:5]]
[2025.03.05-03.18.00:090][  0]LogConfig: Setting CVar [[gc.ActorClusteringEnabled:0]]
[2025.03.05-03.18.00:090][  0]LogConfig: Setting CVar [[gc.BlueprintClusteringEnabled:0]]
[2025.03.05-03.18.00:090][  0]LogConfig: Setting CVar [[gc.UseDisregardForGCOnDedicatedServers:0]]
[2025.03.05-03.18.00:090][  0]LogConfig: Setting CVar [[gc.MultithreadedDestructionEnabled:1]]
[2025.03.05-03.18.00:090][  0]LogConfig: Applying CVar settings from Section [/Script/Engine.NetworkSettings] File [C:/UnrealProject/Vanatan_Jam_2025_3/Jam_2025_03/Saved/Config/Windows/Engine.ini]
[2025.03.05-03.18.00:090][  0]LogConfig: Applying CVar settings from Section [/Script/UnrealEd.CookerSettings] File [C:/UnrealProject/Vanatan_Jam_2025_3/Jam_2025_03/Saved/Config/Windows/Engine.ini]
[2025.03.05-03.18.00:094][  0]LogConfig: Applying CVar settings from Section [ViewDistanceQuality@3] File [C:/UnrealProject/Vanatan_Jam_2025_3/Jam_2025_03/Saved/Config/Windows/Scalability.ini]
[2025.03.05-03.18.00:094][  0]LogConfig: Setting CVar [[r.SkeletalMeshLODBias:0]]
[2025.03.05-03.18.00:094][  0]LogConfig: Setting CVar [[r.ViewDistanceScale:1.0]]
[2025.03.05-03.18.00:094][  0]LogConfig: Applying CVar settings from Section [AntiAliasingQuality@3] File [C:/UnrealProject/Vanatan_Jam_2025_3/Jam_2025_03/Saved/Config/Windows/Scalability.ini]
[2025.03.05-03.18.00:094][  0]LogConfig: Setting CVar [[r.PostProcessAAQuality:4]]
[2025.03.05-03.18.00:094][  0]LogConfig: Applying CVar settings from Section [ShadowQuality@3] File [C:/UnrealProject/Vanatan_Jam_2025_3/Jam_2025_03/Saved/Config/Windows/Scalability.ini]
[2025.03.05-03.18.00:094][  0]LogConfig: Setting CVar [[r.LightFunctionQuality:1]]
[2025.03.05-03.18.00:094][  0]LogConfig: Setting CVar [[r.ShadowQuality:5]]
[2025.03.05-03.18.00:094][  0]LogConfig: Setting CVar [[r.Shadow.CSM.MaxCascades:10]]
[2025.03.05-03.18.00:094][  0]LogConfig: Setting CVar [[r.Shadow.MaxResolution:2048]]
[2025.03.05-03.18.00:094][  0]LogConfig: Setting CVar [[r.Shadow.MaxCSMResolution:2048]]
[2025.03.05-03.18.00:094][  0]LogConfig: Setting CVar [[r.Shadow.RadiusThreshold:0.01]]
[2025.03.05-03.18.00:094][  0]LogConfig: Setting CVar [[r.Shadow.DistanceScale:1.0]]
[2025.03.05-03.18.00:094][  0]LogConfig: Setting CVar [[r.Shadow.CSM.TransitionScale:1.0]]
[2025.03.05-03.18.00:094][  0]LogConfig: Setting CVar [[r.Shadow.PreShadowResolutionFactor:1.0]]
[2025.03.05-03.18.00:094][  0]LogConfig: Setting CVar [[r.DistanceFieldShadowing:1]]
[2025.03.05-03.18.00:094][  0]LogConfig: Setting CVar [[r.DistanceFieldAO:1]]
[2025.03.05-03.18.00:094][  0]LogConfig: Setting CVar [[r.AOQuality:2]]
[2025.03.05-03.18.00:094][  0]LogConfig: Setting CVar [[r.VolumetricFog:1]]
[2025.03.05-03.18.00:094][  0]LogConfig: Setting CVar [[r.VolumetricFog.GridPixelSize:8]]
[2025.03.05-03.18.00:094][  0]LogConfig: Setting CVar [[r.VolumetricFog.GridSizeZ:128]]
[2025.03.05-03.18.00:094][  0]LogConfig: Setting CVar [[r.VolumetricFog.HistoryMissSupersampleCount:4]]
[2025.03.05-03.18.00:094][  0]LogConfig: Setting CVar [[r.LightMaxDrawDistanceScale:1]]
[2025.03.05-03.18.00:094][  0]LogConfig: Setting CVar [[r.CapsuleShadows:1]]
[2025.03.05-03.18.00:094][  0]LogConfig: Applying CVar settings from Section [PostProcessQuality@3] File [C:/UnrealProject/Vanatan_Jam_2025_3/Jam_2025_03/Saved/Config/Windows/Scalability.ini]
[2025.03.05-03.18.00:094][  0]LogConfig: Setting CVar [[r.MotionBlurQuality:4]]
[2025.03.05-03.18.00:094][  0]LogConfig: Setting CVar [[r.AmbientOcclusionMipLevelFactor:0.4]]
[2025.03.05-03.18.00:094][  0]LogConfig: Setting CVar [[r.AmbientOcclusionMaxQuality:100]]
[2025.03.05-03.18.00:094][  0]LogConfig: Setting CVar [[r.AmbientOcclusionLevels:-1]]
[2025.03.05-03.18.00:094][  0]LogConfig: Setting CVar [[r.AmbientOcclusionRadiusScale:1.0]]
[2025.03.05-03.18.00:094][  0]LogConfig: Setting CVar [[r.DepthOfFieldQuality:2]]
[2025.03.05-03.18.00:094][  0]LogConfig: Setting CVar [[r.RenderTargetPoolMin:400]]
[2025.03.05-03.18.00:094][  0]LogConfig: Setting CVar [[r.LensFlareQuality:2]]
[2025.03.05-03.18.00:094][  0]LogConfig: Setting CVar [[r.SceneColorFringeQuality:1]]
[2025.03.05-03.18.00:094][  0]LogConfig: Setting CVar [[r.EyeAdaptationQuality:2]]
[2025.03.05-03.18.00:094][  0]LogConfig: Setting CVar [[r.BloomQuality:5]]
[2025.03.05-03.18.00:094][  0]LogConfig: Setting CVar [[r.FastBlurThreshold:100]]
[2025.03.05-03.18.00:094][  0]LogConfig: Setting CVar [[r.Upscale.Quality:3]]
[2025.03.05-03.18.00:094][  0]LogConfig: Setting CVar [[r.Tonemapper.GrainQuantization:1]]
[2025.03.05-03.18.00:095][  0]LogConfig: Setting CVar [[r.LightShaftQuality:1]]
[2025.03.05-03.18.00:095][  0]LogConfig: Setting CVar [[r.Filter.SizeScale:1]]
[2025.03.05-03.18.00:095][  0]LogConfig: Setting CVar [[r.Tonemapper.Quality:5]]
[2025.03.05-03.18.00:095][  0]LogConfig: Setting CVar [[r.DOF.Gather.AccumulatorQuality:1        ; higher gathering accumulator quality]]
[2025.03.05-03.18.00:095][  0]LogConfig: Setting CVar [[r.DOF.Gather.PostfilterMethod:1          ; Median3x3 postfilering method]]
[2025.03.05-03.18.00:095][  0]LogConfig: Setting CVar [[r.DOF.Gather.EnableBokehSettings:0       ; no bokeh simulation when gathering]]
[2025.03.05-03.18.00:095][  0]LogConfig: Setting CVar [[r.DOF.Gather.RingCount:4                 ; medium number of samples when gathering]]
[2025.03.05-03.18.00:095][  0]LogConfig: Setting CVar [[r.DOF.Scatter.ForegroundCompositing:1    ; additive foreground scattering]]
[2025.03.05-03.18.00:095][  0]LogConfig: Setting CVar [[r.DOF.Scatter.BackgroundCompositing:2    ; additive background scattering]]
[2025.03.05-03.18.00:095][  0]LogConfig: Setting CVar [[r.DOF.Scatter.EnableBokehSettings:1      ; bokeh simulation when scattering]]
[2025.03.05-03.18.00:095][  0]LogConfig: Setting CVar [[r.DOF.Scatter.MaxSpriteRatio:0.1         ; only a maximum of 10% of scattered bokeh]]
[2025.03.05-03.18.00:095][  0]LogConfig: Setting CVar [[r.DOF.Recombine.Quality:1                ; cheap slight out of focus]]
[2025.03.05-03.18.00:095][  0]LogConfig: Setting CVar [[r.DOF.Recombine.EnableBokehSettings:0    ; no bokeh simulation on slight out of focus]]
[2025.03.05-03.18.00:095][  0]LogConfig: Setting CVar [[r.DOF.TemporalAAQuality:1                ; more stable temporal accumulation]]
[2025.03.05-03.18.00:095][  0]LogConfig: Setting CVar [[r.DOF.Kernel.MaxForegroundRadius:0.025]]
[2025.03.05-03.18.00:095][  0]LogConfig: Setting CVar [[r.DOF.Kernel.MaxBackgroundRadius:0.025]]
[2025.03.05-03.18.00:095][  0]LogConfig: Applying CVar settings from Section [TextureQuality@3] File [C:/UnrealProject/Vanatan_Jam_2025_3/Jam_2025_03/Saved/Config/Windows/Scalability.ini]
[2025.03.05-03.18.00:095][  0]LogConfig: Setting CVar [[r.Streaming.MipBias:0]]
[2025.03.05-03.18.00:095][  0]LogConfig: Setting CVar [[r.Streaming.AmortizeCPUToGPUCopy:0]]
[2025.03.05-03.18.00:095][  0]LogConfig: Setting CVar [[r.Streaming.MaxNumTexturesToStreamPerFrame:0]]
[2025.03.05-03.18.00:095][  0]LogConfig: Setting CVar [[r.Streaming.Boost:1]]
[2025.03.05-03.18.00:095][  0]LogConfig: Setting CVar [[r.MaxAnisotropy:8]]
[2025.03.05-03.18.00:095][  0]LogConfig: Setting CVar [[r.VT.MaxAnisotropy:8]]
[2025.03.05-03.18.00:095][  0]LogConfig: Setting CVar [[r.Streaming.LimitPoolSizeToVRAM:0]]
[2025.03.05-03.18.00:095][  0]LogConfig: Setting CVar [[r.Streaming.PoolSize:1000]]
[2025.03.05-03.18.00:095][  0]LogConfig: Setting CVar [[r.Streaming.MaxEffectiveScreenSize:0]]
[2025.03.05-03.18.00:095][  0]LogConfig: Applying CVar settings from Section [EffectsQuality@3] File [C:/UnrealProject/Vanatan_Jam_2025_3/Jam_2025_03/Saved/Config/Windows/Scalability.ini]
[2025.03.05-03.18.00:095][  0]LogConfig: Setting CVar [[r.TranslucencyLightingVolumeDim:64]]
[2025.03.05-03.18.00:095][  0]LogConfig: Setting CVar [[r.RefractionQuality:2]]
[2025.03.05-03.18.00:095][  0]LogConfig: Setting CVar [[r.SSR.Quality:3]]
[2025.03.05-03.18.00:095][  0]LogConfig: Setting CVar [[r.SSR.HalfResSceneColor:0]]
[2025.03.05-03.18.00:095][  0]LogConfig: Setting CVar [[r.SceneColorFormat:4]]
[2025.03.05-03.18.00:095][  0]LogConfig: Setting CVar [[r.DetailMode:2]]
[2025.03.05-03.18.00:095][  0]LogConfig: Setting CVar [[r.TranslucencyVolumeBlur:1]]
[2025.03.05-03.18.00:095][  0]LogConfig: Setting CVar [[r.MaterialQualityLevel:1 ; High quality]]
[2025.03.05-03.18.00:095][  0]LogConfig: Setting CVar [[r.AnisotropicMaterials:1]]
[2025.03.05-03.18.00:095][  0]LogConfig: Setting CVar [[r.SSS.Scale:1]]
[2025.03.05-03.18.00:095][  0]LogConfig: Setting CVar [[r.SSS.SampleSet:2]]
[2025.03.05-03.18.00:095][  0]LogConfig: Setting CVar [[r.SSS.Quality:1]]
[2025.03.05-03.18.00:095][  0]LogConfig: Setting CVar [[r.SSS.HalfRes:0]]
[2025.03.05-03.18.00:095][  0]LogConfig: Setting CVar [[r.SSGI.Quality:3]]
[2025.03.05-03.18.00:095][  0]LogConfig: Setting CVar [[r.EmitterSpawnRateScale:1.0]]
[2025.03.05-03.18.00:095][  0]LogConfig: Setting CVar [[r.ParticleLightQuality:2]]
[2025.03.05-03.18.00:095][  0]LogConfig: Setting CVar [[r.SkyAtmosphere.AerialPerspectiveLUT.FastApplyOnOpaque:1 ; Always have FastSkyLUT 1 in this case to avoid wrong sky]]
[2025.03.05-03.18.00:095][  0]LogConfig: Setting CVar [[r.SkyAtmosphere.AerialPerspectiveLUT.SampleCountMaxPerSlice:4]]
[2025.03.05-03.18.00:095][  0]LogConfig: Setting CVar [[r.SkyAtmosphere.AerialPerspectiveLUT.DepthResolution:16.0]]
[2025.03.05-03.18.00:095][  0]LogConfig: Setting CVar [[r.SkyAtmosphere.FastSkyLUT:1]]
[2025.03.05-03.18.00:095][  0]LogConfig: Setting CVar [[r.SkyAtmosphere.FastSkyLUT.SampleCountMin:4.0]]
[2025.03.05-03.18.00:095][  0]LogConfig: Setting CVar [[r.SkyAtmosphere.FastSkyLUT.SampleCountMax:128.0]]
[2025.03.05-03.18.00:095][  0]LogConfig: Setting CVar [[r.SkyAtmosphere.SampleCountMin:4.0]]
[2025.03.05-03.18.00:095][  0]LogConfig: Setting CVar [[r.SkyAtmosphere.SampleCountMax:128.0]]
[2025.03.05-03.18.00:095][  0]LogConfig: Setting CVar [[r.SkyAtmosphere.TransmittanceLUT.UseSmallFormat:0]]
[2025.03.05-03.18.00:095][  0]LogConfig: Setting CVar [[r.SkyAtmosphere.TransmittanceLUT.SampleCount:10.0]]
[2025.03.05-03.18.00:095][  0]LogConfig: Setting CVar [[r.SkyAtmosphere.MultiScatteringLUT.SampleCount:15.0]]
[2025.03.05-03.18.00:095][  0]LogConfig: Setting CVar [[r.SkyLight.RealTimeReflectionCapture:1]]
[2025.03.05-03.18.00:095][  0]LogConfig: Applying CVar settings from Section [FoliageQuality@3] File [C:/UnrealProject/Vanatan_Jam_2025_3/Jam_2025_03/Saved/Config/Windows/Scalability.ini]
[2025.03.05-03.18.00:095][  0]LogConfig: Setting CVar [[foliage.DensityScale:1.0]]
[2025.03.05-03.18.00:095][  0]LogConfig: Setting CVar [[grass.DensityScale:1.0]]
[2025.03.05-03.18.00:095][  0]LogConfig: Applying CVar settings from Section [ShadingQuality@3] File [C:/UnrealProject/Vanatan_Jam_2025_3/Jam_2025_03/Saved/Config/Windows/Scalability.ini]
[2025.03.05-03.18.00:095][  0]LogConfig: Setting CVar [[r.HairStrands.SkyLighting.IntegrationType:2]]
[2025.03.05-03.18.00:095][  0]LogConfig: Setting CVar [[r.HairStrands.SkyAO.SampleCount:4]]
[2025.03.05-03.18.00:095][  0]LogConfig: Setting CVar [[r.HairStrands.Visibility.MSAA.SamplePerPixel:4]]
[2025.03.05-03.18.00:095][  0]LogInit: Selected Device Profile: [Windows]
[2025.03.05-03.18.00:095][  0]LogInit: Applying CVar settings loaded from the selected device profile: [Windows]
[2025.03.05-03.18.00:095][  0]LogHAL: Display: Platform has ~ 16 GB [16849293312 / 17179869184 / 16], which maps to Larger [LargestMinGB=32, LargerMinGB=12, DefaultMinGB=8, SmallerMinGB=6, SmallestMinGB=0)
[2025.03.05-03.18.00:095][  0]LogInit: Going up to parent DeviceProfile []
[2025.03.05-03.18.00:095][  0]LogConfig: Applying CVar settings from Section [ViewDistanceQuality@3] File [C:/UnrealProject/Vanatan_Jam_2025_3/Jam_2025_03/Saved/Config/Windows/Scalability.ini]
[2025.03.05-03.18.00:095][  0]LogConfig: Setting CVar [[r.SkeletalMeshLODBias:0]]
[2025.03.05-03.18.00:095][  0]LogConfig: Setting CVar [[r.ViewDistanceScale:1.0]]
[2025.03.05-03.18.00:095][  0]LogConfig: Applying CVar settings from Section [AntiAliasingQuality@3] File [C:/UnrealProject/Vanatan_Jam_2025_3/Jam_2025_03/Saved/Config/Windows/Scalability.ini]
[2025.03.05-03.18.00:095][  0]LogConfig: Setting CVar [[r.PostProcessAAQuality:4]]
[2025.03.05-03.18.00:095][  0]LogConfig: Applying CVar settings from Section [ShadowQuality@3] File [C:/UnrealProject/Vanatan_Jam_2025_3/Jam_2025_03/Saved/Config/Windows/Scalability.ini]
[2025.03.05-03.18.00:095][  0]LogConfig: Setting CVar [[r.LightFunctionQuality:1]]
[2025.03.05-03.18.00:095][  0]LogConfig: Setting CVar [[r.ShadowQuality:5]]
[2025.03.05-03.18.00:095][  0]LogConfig: Setting CVar [[r.Shadow.CSM.MaxCascades:10]]
[2025.03.05-03.18.00:095][  0]LogConfig: Setting CVar [[r.Shadow.MaxResolution:2048]]
[2025.03.05-03.18.00:095][  0]LogConfig: Setting CVar [[r.Shadow.MaxCSMResolution:2048]]
[2025.03.05-03.18.00:095][  0]LogConfig: Setting CVar [[r.Shadow.RadiusThreshold:0.01]]
[2025.03.05-03.18.00:095][  0]LogConfig: Setting CVar [[r.Shadow.DistanceScale:1.0]]
[2025.03.05-03.18.00:095][  0]LogConfig: Setting CVar [[r.Shadow.CSM.TransitionScale:1.0]]
[2025.03.05-03.18.00:095][  0]LogConfig: Setting CVar [[r.Shadow.PreShadowResolutionFactor:1.0]]
[2025.03.05-03.18.00:095][  0]LogConfig: Setting CVar [[r.DistanceFieldShadowing:1]]
[2025.03.05-03.18.00:095][  0]LogConfig: Setting CVar [[r.DistanceFieldAO:1]]
[2025.03.05-03.18.00:095][  0]LogConfig: Setting CVar [[r.AOQuality:2]]
[2025.03.05-03.18.00:095][  0]LogConfig: Setting CVar [[r.VolumetricFog:1]]
[2025.03.05-03.18.00:095][  0]LogConfig: Setting CVar [[r.VolumetricFog.GridPixelSize:8]]
[2025.03.05-03.18.00:095][  0]LogConfig: Setting CVar [[r.VolumetricFog.GridSizeZ:128]]
[2025.03.05-03.18.00:095][  0]LogConfig: Setting CVar [[r.VolumetricFog.HistoryMissSupersampleCount:4]]
[2025.03.05-03.18.00:095][  0]LogConfig: Setting CVar [[r.LightMaxDrawDistanceScale:1]]
[2025.03.05-03.18.00:095][  0]LogConfig: Setting CVar [[r.CapsuleShadows:1]]
[2025.03.05-03.18.00:095][  0]LogConfig: Applying CVar settings from Section [PostProcessQuality@3] File [C:/UnrealProject/Vanatan_Jam_2025_3/Jam_2025_03/Saved/Config/Windows/Scalability.ini]
[2025.03.05-03.18.00:095][  0]LogConfig: Setting CVar [[r.MotionBlurQuality:4]]
[2025.03.05-03.18.00:095][  0]LogConfig: Setting CVar [[r.AmbientOcclusionMipLevelFactor:0.4]]
[2025.03.05-03.18.00:095][  0]LogConfig: Setting CVar [[r.AmbientOcclusionMaxQuality:100]]
[2025.03.05-03.18.00:095][  0]LogConfig: Setting CVar [[r.AmbientOcclusionLevels:-1]]
[2025.03.05-03.18.00:095][  0]LogConfig: Setting CVar [[r.AmbientOcclusionRadiusScale:1.0]]
[2025.03.05-03.18.00:095][  0]LogConfig: Setting CVar [[r.DepthOfFieldQuality:2]]
[2025.03.05-03.18.00:095][  0]LogConfig: Setting CVar [[r.RenderTargetPoolMin:400]]
[2025.03.05-03.18.00:095][  0]LogConfig: Setting CVar [[r.LensFlareQuality:2]]
[2025.03.05-03.18.00:095][  0]LogConfig: Setting CVar [[r.SceneColorFringeQuality:1]]
[2025.03.05-03.18.00:095][  0]LogConfig: Setting CVar [[r.EyeAdaptationQuality:2]]
[2025.03.05-03.18.00:095][  0]LogConfig: Setting CVar [[r.BloomQuality:5]]
[2025.03.05-03.18.00:095][  0]LogConfig: Setting CVar [[r.FastBlurThreshold:100]]
[2025.03.05-03.18.00:095][  0]LogConfig: Setting CVar [[r.Upscale.Quality:3]]
[2025.03.05-03.18.00:095][  0]LogConfig: Setting CVar [[r.Tonemapper.GrainQuantization:1]]
[2025.03.05-03.18.00:095][  0]LogConfig: Setting CVar [[r.LightShaftQuality:1]]
[2025.03.05-03.18.00:095][  0]LogConfig: Setting CVar [[r.Filter.SizeScale:1]]
[2025.03.05-03.18.00:095][  0]LogConfig: Setting CVar [[r.Tonemapper.Quality:5]]
[2025.03.05-03.18.00:095][  0]LogConfig: Setting CVar [[r.DOF.Gather.AccumulatorQuality:1        ; higher gathering accumulator quality]]
[2025.03.05-03.18.00:095][  0]LogConfig: Setting CVar [[r.DOF.Gather.PostfilterMethod:1          ; Median3x3 postfilering method]]
[2025.03.05-03.18.00:095][  0]LogConfig: Setting CVar [[r.DOF.Gather.EnableBokehSettings:0       ; no bokeh simulation when gathering]]
[2025.03.05-03.18.00:095][  0]LogConfig: Setting CVar [[r.DOF.Gather.RingCount:4                 ; medium number of samples when gathering]]
[2025.03.05-03.18.00:095][  0]LogConfig: Setting CVar [[r.DOF.Scatter.ForegroundCompositing:1    ; additive foreground scattering]]
[2025.03.05-03.18.00:095][  0]LogConfig: Setting CVar [[r.DOF.Scatter.BackgroundCompositing:2    ; additive background scattering]]
[2025.03.05-03.18.00:095][  0]LogConfig: Setting CVar [[r.DOF.Scatter.EnableBokehSettings:1      ; bokeh simulation when scattering]]
[2025.03.05-03.18.00:095][  0]LogConfig: Setting CVar [[r.DOF.Scatter.MaxSpriteRatio:0.1         ; only a maximum of 10% of scattered bokeh]]
[2025.03.05-03.18.00:095][  0]LogConfig: Setting CVar [[r.DOF.Recombine.Quality:1                ; cheap slight out of focus]]
[2025.03.05-03.18.00:095][  0]LogConfig: Setting CVar [[r.DOF.Recombine.EnableBokehSettings:0    ; no bokeh simulation on slight out of focus]]
[2025.03.05-03.18.00:095][  0]LogConfig: Setting CVar [[r.DOF.TemporalAAQuality:1                ; more stable temporal accumulation]]
[2025.03.05-03.18.00:095][  0]LogConfig: Setting CVar [[r.DOF.Kernel.MaxForegroundRadius:0.025]]
[2025.03.05-03.18.00:095][  0]LogConfig: Setting CVar [[r.DOF.Kernel.MaxBackgroundRadius:0.025]]
[2025.03.05-03.18.00:095][  0]LogConfig: Applying CVar settings from Section [TextureQuality@3] File [C:/UnrealProject/Vanatan_Jam_2025_3/Jam_2025_03/Saved/Config/Windows/Scalability.ini]
[2025.03.05-03.18.00:095][  0]LogConfig: Setting CVar [[r.Streaming.MipBias:0]]
[2025.03.05-03.18.00:095][  0]LogConfig: Setting CVar [[r.Streaming.AmortizeCPUToGPUCopy:0]]
[2025.03.05-03.18.00:095][  0]LogConfig: Setting CVar [[r.Streaming.MaxNumTexturesToStreamPerFrame:0]]
[2025.03.05-03.18.00:095][  0]LogConfig: Setting CVar [[r.Streaming.Boost:1]]
[2025.03.05-03.18.00:095][  0]LogConfig: Setting CVar [[r.MaxAnisotropy:8]]
[2025.03.05-03.18.00:095][  0]LogConfig: Setting CVar [[r.VT.MaxAnisotropy:8]]
[2025.03.05-03.18.00:095][  0]LogConfig: Setting CVar [[r.Streaming.LimitPoolSizeToVRAM:0]]
[2025.03.05-03.18.00:095][  0]LogConfig: Setting CVar [[r.Streaming.PoolSize:1000]]
[2025.03.05-03.18.00:095][  0]LogConfig: Setting CVar [[r.Streaming.MaxEffectiveScreenSize:0]]
[2025.03.05-03.18.00:095][  0]LogConfig: Applying CVar settings from Section [EffectsQuality@3] File [C:/UnrealProject/Vanatan_Jam_2025_3/Jam_2025_03/Saved/Config/Windows/Scalability.ini]
[2025.03.05-03.18.00:095][  0]LogConfig: Setting CVar [[r.TranslucencyLightingVolumeDim:64]]
[2025.03.05-03.18.00:095][  0]LogConfig: Setting CVar [[r.RefractionQuality:2]]
[2025.03.05-03.18.00:095][  0]LogConfig: Setting CVar [[r.SSR.Quality:3]]
[2025.03.05-03.18.00:095][  0]LogConfig: Setting CVar [[r.SSR.HalfResSceneColor:0]]
[2025.03.05-03.18.00:096][  0]LogConfig: Setting CVar [[r.SceneColorFormat:4]]
[2025.03.05-03.18.00:096][  0]LogConfig: Setting CVar [[r.DetailMode:2]]
[2025.03.05-03.18.00:096][  0]LogConfig: Setting CVar [[r.TranslucencyVolumeBlur:1]]
[2025.03.05-03.18.00:096][  0]LogConfig: Setting CVar [[r.MaterialQualityLevel:1 ; High quality]]
[2025.03.05-03.18.00:096][  0]LogConfig: Setting CVar [[r.AnisotropicMaterials:1]]
[2025.03.05-03.18.00:096][  0]LogConfig: Setting CVar [[r.SSS.Scale:1]]
[2025.03.05-03.18.00:096][  0]LogConfig: Setting CVar [[r.SSS.SampleSet:2]]
[2025.03.05-03.18.00:096][  0]LogConfig: Setting CVar [[r.SSS.Quality:1]]
[2025.03.05-03.18.00:096][  0]LogConfig: Setting CVar [[r.SSS.HalfRes:0]]
[2025.03.05-03.18.00:096][  0]LogConfig: Setting CVar [[r.SSGI.Quality:3]]
[2025.03.05-03.18.00:096][  0]LogConfig: Setting CVar [[r.EmitterSpawnRateScale:1.0]]
[2025.03.05-03.18.00:096][  0]LogConfig: Setting CVar [[r.ParticleLightQuality:2]]
[2025.03.05-03.18.00:096][  0]LogConfig: Setting CVar [[r.SkyAtmosphere.AerialPerspectiveLUT.FastApplyOnOpaque:1 ; Always have FastSkyLUT 1 in this case to avoid wrong sky]]
[2025.03.05-03.18.00:096][  0]LogConfig: Setting CVar [[r.SkyAtmosphere.AerialPerspectiveLUT.SampleCountMaxPerSlice:4]]
[2025.03.05-03.18.00:096][  0]LogConfig: Setting CVar [[r.SkyAtmosphere.AerialPerspectiveLUT.DepthResolution:16.0]]
[2025.03.05-03.18.00:096][  0]LogConfig: Setting CVar [[r.SkyAtmosphere.FastSkyLUT:1]]
[2025.03.05-03.18.00:096][  0]LogConfig: Setting CVar [[r.SkyAtmosphere.FastSkyLUT.SampleCountMin:4.0]]
[2025.03.05-03.18.00:096][  0]LogConfig: Setting CVar [[r.SkyAtmosphere.FastSkyLUT.SampleCountMax:128.0]]
[2025.03.05-03.18.00:096][  0]LogConfig: Setting CVar [[r.SkyAtmosphere.SampleCountMin:4.0]]
[2025.03.05-03.18.00:096][  0]LogConfig: Setting CVar [[r.SkyAtmosphere.SampleCountMax:128.0]]
[2025.03.05-03.18.00:096][  0]LogConfig: Setting CVar [[r.SkyAtmosphere.TransmittanceLUT.UseSmallFormat:0]]
[2025.03.05-03.18.00:096][  0]LogConfig: Setting CVar [[r.SkyAtmosphere.TransmittanceLUT.SampleCount:10.0]]
[2025.03.05-03.18.00:096][  0]LogConfig: Setting CVar [[r.SkyAtmosphere.MultiScatteringLUT.SampleCount:15.0]]
[2025.03.05-03.18.00:096][  0]LogConfig: Setting CVar [[r.SkyLight.RealTimeReflectionCapture:1]]
[2025.03.05-03.18.00:096][  0]LogConfig: Applying CVar settings from Section [FoliageQuality@3] File [C:/UnrealProject/Vanatan_Jam_2025_3/Jam_2025_03/Saved/Config/Windows/Scalability.ini]
[2025.03.05-03.18.00:096][  0]LogConfig: Setting CVar [[foliage.DensityScale:1.0]]
[2025.03.05-03.18.00:096][  0]LogConfig: Setting CVar [[grass.DensityScale:1.0]]
[2025.03.05-03.18.00:096][  0]LogConfig: Applying CVar settings from Section [ShadingQuality@3] File [C:/UnrealProject/Vanatan_Jam_2025_3/Jam_2025_03/Saved/Config/Windows/Scalability.ini]
[2025.03.05-03.18.00:096][  0]LogConfig: Setting CVar [[r.HairStrands.SkyLighting.IntegrationType:2]]
[2025.03.05-03.18.00:096][  0]LogConfig: Setting CVar [[r.HairStrands.SkyAO.SampleCount:4]]
[2025.03.05-03.18.00:096][  0]LogConfig: Setting CVar [[r.HairStrands.Visibility.MSAA.SamplePerPixel:4]]
[2025.03.05-03.18.00:096][  0]LogConfig: Applying CVar settings from Section [Startup] File [../../../Engine/Config/ConsoleVariables.ini]
[2025.03.05-03.18.00:096][  0]LogConfig: Setting CVar [[net.UseAdaptiveNetUpdateFrequency:0]]
[2025.03.05-03.18.00:096][  0]LogConfig: Setting CVar [[p.chaos.AllowCreatePhysxBodies:1]]
[2025.03.05-03.18.00:096][  0]LogConfig: Setting CVar [[fx.SkipVectorVMBackendOptimizations:1]]
[2025.03.05-03.18.00:096][  0]LogConfig: Applying CVar settings from Section [ConsoleVariables] File [C:/UnrealProject/Vanatan_Jam_2025_3/Jam_2025_03/Saved/Config/Windows/Engine.ini]
[2025.03.05-03.18.00:096][  0]LogConfig: Applying CVar settings from Section [ConsoleVariables] File [C:/UnrealProject/Vanatan_Jam_2025_3/Jam_2025_03/Saved/Config/Windows/Editor.ini]
[2025.03.05-03.18.00:096][  0]LogInit: Computer: RYUJI-VGAO
[2025.03.05-03.18.00:096][  0]LogInit: User: tomon
[2025.03.05-03.18.00:096][  0]LogInit: CPU Page size=4096, Cores=14
[2025.03.05-03.18.00:096][  0]LogInit: High frequency timer resolution =10.000000 MHz
[2025.03.05-03.18.00:096][  0]LogMemory: Memory total: Physical=15.7GB (16GB approx)
[2025.03.05-03.18.00:096][  0]LogMemory: Platform Memory Stats for Windows
[2025.03.05-03.18.00:096][  0]LogMemory: Process Physical Memory: 153.27 MB used, 153.27 MB peak
[2025.03.05-03.18.00:096][  0]LogMemory: Process Virtual Memory: 135.39 MB used, 135.39 MB peak
[2025.03.05-03.18.00:096][  0]LogMemory: Physical Memory: 12068.67 MB used,  4000.07 MB free, 16068.74 MB total
[2025.03.05-03.18.00:096][  0]LogMemory: Virtual Memory: 134205216.00 MB used,  12510.01 MB free, 134217728.00 MB total
[2025.03.05-03.18.00:102][  0]LogWindows: WindowsPlatformFeatures enabled
[2025.03.05-03.18.00:146][  0]LogInit: Physics initialised using underlying interface: PhysX
[2025.03.05-03.18.00:147][  0]LogInit: Using OS detected language (ja-JP).
[2025.03.05-03.18.00:147][  0]LogInit: Using OS detected locale (ja-JP).
[2025.03.05-03.18.00:151][  0]LogTextLocalizationManager: No specific localization for 'ja-JP' exists, so the 'ja' localization will be used.
[2025.03.05-03.18.00:247][  0]LogInit: Setting process to per monitor DPI aware
[2025.03.05-03.18.00:289][  0]LogWindowsTextInputMethodSystem: Display: IME system deactivated.
[2025.03.05-03.18.00:301][  0]LogSlate: New Slate User Created.  User Index 0, Is Virtual User: 0
[2025.03.05-03.18.00:301][  0]LogSlate: Slate User Registered.  User Index 0, Is Virtual User: 0
[2025.03.05-03.18.00:497][  0]LogD3D11RHI: Loaded GFSDK_Aftermath_Lib.x64.dll
[2025.03.05-03.18.00:537][  0]LogHMD: Failed to initialize OpenVR with code 110
[2025.03.05-03.18.00:537][  0]LogD3D11RHI: D3D11 min allowed feature level: 11_0
[2025.03.05-03.18.00:537][  0]LogD3D11RHI: D3D11 max allowed feature level: 11_0
[2025.03.05-03.18.00:537][  0]LogD3D11RHI: D3D11 adapters:
[2025.03.05-03.18.00:689][  0]LogD3D11RHI:    0. 'NVIDIA GeForce RTX 3060 Laptop GPU' (Feature Level 11_0)
[2025.03.05-03.18.00:689][  0]LogD3D11RHI:       5996/0/8034 MB DedicatedVideo/DedicatedSystem/SharedSystem, Outputs:1, VendorId:0x10de
[2025.03.05-03.18.00:727][  0]LogD3D11RHI:    1. 'Intel(R) Iris(R) Xe Graphics' (Feature Level 11_0)
[2025.03.05-03.18.00:727][  0]LogD3D11RHI:       128/0/8034 MB DedicatedVideo/DedicatedSystem/SharedSystem, Outputs:0, VendorId:0x8086
[2025.03.05-03.18.00:730][  0]LogD3D11RHI:    2. 'Microsoft Basic Render Driver' (Feature Level 11_0)
[2025.03.05-03.18.00:730][  0]LogD3D11RHI:       0/0/8034 MB DedicatedVideo/DedicatedSystem/SharedSystem, Outputs:0, VendorId:0x1414
[2025.03.05-03.18.00:730][  0]LogD3D11RHI: Chosen D3D11 Adapter:
[2025.03.05-03.18.00:730][  0]LogD3D11RHI:     Description : NVIDIA GeForce RTX 3060 Laptop GPU
[2025.03.05-03.18.00:730][  0]LogD3D11RHI:     VendorId    : 10de
[2025.03.05-03.18.00:730][  0]LogD3D11RHI:     DeviceId    : 2560
[2025.03.05-03.18.00:730][  0]LogD3D11RHI:     SubSysId    : b561028
[2025.03.05-03.18.00:730][  0]LogD3D11RHI:     Revision    : 00a1
[2025.03.05-03.18.00:730][  0]LogD3D11RHI:     DedicatedVideoMemory : 6287261696 bytes
[2025.03.05-03.18.00:730][  0]LogD3D11RHI:     DedicatedSystemMemory : 0 bytes
[2025.03.05-03.18.00:730][  0]LogD3D11RHI:     SharedSystemMemory : 8424646656 bytes
[2025.03.05-03.18.00:730][  0]LogD3D11RHI:     AdapterLuid : 0 73135
[2025.03.05-03.18.00:738][  0]LogD3D11RHI: Creating new Direct3DDevice
[2025.03.05-03.18.00:738][  0]LogD3D11RHI:     GPU DeviceId: 0x2560 (for the marketing name, search the web for "GPU Device Id")
[2025.03.05-03.18.00:738][  0]LogWindows: EnumDisplayDevices:
[2025.03.05-03.18.00:738][  0]LogWindows:    0. 'Intel(R) Iris(R) Xe Graphics' (P:1 D:1)
[2025.03.05-03.18.00:738][  0]LogWindows:    1. 'Intel(R) Iris(R) Xe Graphics' (P:0 D:0)
[2025.03.05-03.18.00:738][  0]LogWindows:    2. 'Intel(R) Iris(R) Xe Graphics' (P:0 D:0)
[2025.03.05-03.18.00:738][  0]LogWindows:    3. 'Intel(R) Iris(R) Xe Graphics' (P:0 D:0)
[2025.03.05-03.18.00:738][  0]LogWindows:    4. 'NVIDIA GeForce RTX 3060 Laptop GPU' (P:0 D:0)
[2025.03.05-03.18.00:738][  0]LogWindows:    5. 'NVIDIA GeForce RTX 3060 Laptop GPU' (P:0 D:0)
[2025.03.05-03.18.00:739][  0]LogWindows:    6. 'NVIDIA GeForce RTX 3060 Laptop GPU' (P:0 D:0)
[2025.03.05-03.18.00:739][  0]LogWindows:    7. 'NVIDIA GeForce RTX 3060 Laptop GPU' (P:0 D:0)
[2025.03.05-03.18.00:739][  0]LogWindows: DebugString: PrimaryIsNotTheChoosenAdapter PrimaryIsNotTheChoosenAdapter PrimaryIsNotTheChoosenAdapter PrimaryIsNotTheChoosenAdapter FoundDriverCount:4 
[2025.03.05-03.18.00:739][  0]LogD3D11RHI:     Adapter Name: NVIDIA GeForce RTX 3060 Laptop GPU
[2025.03.05-03.18.00:739][  0]LogD3D11RHI:   Driver Version: 566.35 (internal:32.0.15.6635, unified:566.35)
[2025.03.05-03.18.00:739][  0]LogD3D11RHI:      Driver Date: 12-1-2024
[2025.03.05-03.18.00:739][  0]LogRHI: Texture pool is 4197 MB (70% of 5996 MB)
[2025.03.05-03.18.00:739][  0]LogD3D11RHI: Creating D3DDevice using adapter:
[2025.03.05-03.18.00:739][  0]LogD3D11RHI:     Description : NVIDIA GeForce RTX 3060 Laptop GPU
[2025.03.05-03.18.00:739][  0]LogD3D11RHI:     VendorId    : 10de
[2025.03.05-03.18.00:739][  0]LogD3D11RHI:     DeviceId    : 2560
[2025.03.05-03.18.00:739][  0]LogD3D11RHI:     SubSysId    : b561028
[2025.03.05-03.18.00:739][  0]LogD3D11RHI:     Revision    : 00a1
[2025.03.05-03.18.00:739][  0]LogD3D11RHI:     DedicatedVideoMemory : 6287261696 bytes
[2025.03.05-03.18.00:739][  0]LogD3D11RHI:     DedicatedSystemMemory : 0 bytes
[2025.03.05-03.18.00:739][  0]LogD3D11RHI:     SharedSystemMemory : 8424646656 bytes
[2025.03.05-03.18.00:739][  0]LogD3D11RHI:     AdapterLuid : 0 73135
[2025.03.05-03.18.00:822][  0]LogD3D11RHI: RHI has support for 64 bit atomics
[2025.03.05-03.18.00:823][  0]LogD3D11RHI: Async texture creation enabled
[2025.03.05-03.18.00:823][  0]LogD3D11RHI: Array index from any shader is supported
[2025.03.05-03.18.00:835][  0]LogD3D11RHI: GPU Timing Frequency: 1000.000000 (Debug: 2 1)
[2025.03.05-03.18.00:867][  0]LogRHI: GeForceNow SDK initialized: 1
[2025.03.05-03.18.01:170][  0]LogTargetPlatformManager: Display: Loaded TargetPlatform 'AllDesktop'
[2025.03.05-03.18.01:186][  0]LogTargetPlatformManager: Display: Loaded TargetPlatform 'Android'
[2025.03.05-03.18.01:186][  0]LogTargetPlatformManager: Display: Loaded TargetPlatform 'Android_ASTC'
[2025.03.05-03.18.01:186][  0]LogTargetPlatformManager: Display: Loaded TargetPlatform 'Android_DXT'
[2025.03.05-03.18.01:186][  0]LogTargetPlatformManager: Display: Loaded TargetPlatform 'Android_ETC2'
[2025.03.05-03.18.01:186][  0]LogTargetPlatformManager: Display: Loaded TargetPlatform 'AndroidClient'
[2025.03.05-03.18.01:186][  0]LogTargetPlatformManager: Display: Loaded TargetPlatform 'Android_ASTCClient'
[2025.03.05-03.18.01:186][  0]LogTargetPlatformManager: Display: Loaded TargetPlatform 'Android_DXTClient'
[2025.03.05-03.18.01:186][  0]LogTargetPlatformManager: Display: Loaded TargetPlatform 'Android_ETC2Client'
[2025.03.05-03.18.01:186][  0]LogTargetPlatformManager: Display: Loaded TargetPlatform 'Android_Multi'
[2025.03.05-03.18.01:186][  0]LogTargetPlatformManager: Display: Loaded TargetPlatform 'Android_MultiClient'
[2025.03.05-03.18.01:202][  0]LogTargetPlatformManager: Display: Loaded TargetPlatform 'IOSClient'
[2025.03.05-03.18.01:202][  0]LogTargetPlatformManager: Display: Loaded TargetPlatform 'IOS'
[2025.03.05-03.18.01:212][  0]LogTargetPlatformManager: Display: Loaded TargetPlatform 'Linux'
[2025.03.05-03.18.01:218][  0]LogTargetPlatformManager: Display: Loaded TargetPlatform 'LinuxNoEditor'
[2025.03.05-03.18.01:223][  0]LogTargetPlatformManager: Display: Loaded TargetPlatform 'LinuxClient'
[2025.03.05-03.18.01:228][  0]LogTargetPlatformManager: Display: Loaded TargetPlatform 'LinuxServer'
[2025.03.05-03.18.01:236][  0]LogTargetPlatformManager: Display: Loaded TargetPlatform 'LinuxAArch64NoEditor'
[2025.03.05-03.18.01:241][  0]LogTargetPlatformManager: Display: Loaded TargetPlatform 'LinuxAArch64Client'
[2025.03.05-03.18.01:245][  0]LogTargetPlatformManager: Display: Loaded TargetPlatform 'LinuxAArch64Server'
[2025.03.05-03.18.01:263][  0]LogTargetPlatformManager: Display: Loaded TargetPlatform 'Lumin'
[2025.03.05-03.18.01:263][  0]LogTargetPlatformManager: Display: Loaded TargetPlatform 'LuminClient'
[2025.03.05-03.18.01:271][  0]LogTargetPlatformManager: Display: Loaded TargetPlatform 'MacNoEditor'
[2025.03.05-03.18.01:276][  0]LogTargetPlatformManager: Display: Loaded TargetPlatform 'Mac'
[2025.03.05-03.18.01:280][  0]LogTargetPlatformManager: Display: Loaded TargetPlatform 'MacClient'
[2025.03.05-03.18.01:284][  0]LogTargetPlatformManager: Display: Loaded TargetPlatform 'MacServer'
[2025.03.05-03.18.01:291][  0]LogTargetPlatformManager: Display: Loaded TargetPlatform 'TVOSClient'
[2025.03.05-03.18.01:291][  0]LogTargetPlatformManager: Display: Loaded TargetPlatform 'TVOS'
[2025.03.05-03.18.01:299][  0]LogTargetPlatformManager: Display: Loaded TargetPlatform 'WindowsNoEditor'
[2025.03.05-03.18.01:304][  0]LogTargetPlatformManager: Display: Loaded TargetPlatform 'Windows'
[2025.03.05-03.18.01:308][  0]LogTargetPlatformManager: Display: Loaded TargetPlatform 'WindowsClient'
[2025.03.05-03.18.01:312][  0]LogTargetPlatformManager: Display: Loaded TargetPlatform 'WindowsServer'
[2025.03.05-03.18.01:312][  0]LogTargetPlatformManager: Display: Building Assets For Windows
[2025.03.05-03.18.01:321][  0]LogAudioDebug: Display: Lib vorbis DLL was dynamically loaded.
[2025.03.05-03.18.01:359][  0]LogTextureFormatOodle: Display: Oodle Texture 2.9.0 init RDO Off
[2025.03.05-03.18.01:397][  0]LogRendererCore: Ray tracing is disabled. Reason: r.RayTracing=0.
[2025.03.05-03.18.01:397][  0]LogShaderCompilers: Guid format shader working directory is -17 characters bigger than the processId version (../../../../../../UnrealProject/Vanatan_Jam_2025_3/Jam_2025_03/Intermediate/Shaders/WorkingDirectory/31956/).
[2025.03.05-03.18.01:397][  0]LogShaderCompilers: Cleaned the shader compiler working directory 'C:/Users/tomon/AppData/Local/Temp/UnrealShaderWorkingDir/9EAD994C4AECB15493F54F813756E929/'.
[2025.03.05-03.18.01:397][  0]LogXGEController: Cannot use XGE Controller as Incredibuild is not installed on this machine.
[2025.03.05-03.18.01:397][  0]LogShaderCompilers: Cannot use XGE Shader Compiler as Incredibuild is not installed on this machine.
[2025.03.05-03.18.01:397][  0]LogShaderCompilers: Display: Using Local Shader Compiler.
[2025.03.05-03.18.02:069][  0]LogDerivedDataCache: Display: Max Cache Size: 512 MB
[2025.03.05-03.18.02:165][  0]LogDerivedDataCache: Loaded boot cache 0.10s 94MB C:/Users/tomon/AppData/Local/UnrealEngine/4.27/DerivedDataCache/Boot.ddc.
[2025.03.05-03.18.02:165][  0]LogDerivedDataCache: Display: Loaded Boot cache: C:/Users/tomon/AppData/Local/UnrealEngine/4.27/DerivedDataCache/Boot.ddc
[2025.03.05-03.18.02:166][  0]LogDerivedDataCache: FDerivedDataBackendGraph:  Pak pak cache file ../../../../../../UnrealProject/Vanatan_Jam_2025_3/Jam_2025_03/DerivedDataCache/DDC.ddp not found, will not use a pak cache.
[2025.03.05-03.18.02:166][  0]LogDerivedDataCache: Unable to find inner node Pak for hierarchical cache Hierarchy.
[2025.03.05-03.18.02:166][  0]LogDerivedDataCache: FDerivedDataBackendGraph:  CompressedPak pak cache file ../../../../../../UnrealProject/Vanatan_Jam_2025_3/Jam_2025_03/DerivedDataCache/Compressed.ddp not found, will not use a pak cache.
[2025.03.05-03.18.02:166][  0]LogDerivedDataCache: Unable to find inner node CompressedPak for hierarchical cache Hierarchy.
[2025.03.05-03.18.02:180][  0]LogDerivedDataCache: Display: Pak cache opened for reading ../../../Engine/DerivedDataCache/Compressed.ddp.
[2025.03.05-03.18.02:180][  0]LogDerivedDataCache: FDerivedDataBackendGraph:  EnterprisePak pak cache file ../../../Enterprise/DerivedDataCache/Compressed.ddp not found, will not use a pak cache.
[2025.03.05-03.18.02:180][  0]LogDerivedDataCache: Unable to find inner node EnterprisePak for hierarchical cache Hierarchy.
[2025.03.05-03.18.02:193][  0]LogDerivedDataCache: Speed tests for C:/Users/tomon/AppData/Local/UnrealEngine/Common/DerivedDataCache took 0.01 seconds
[2025.03.05-03.18.02:193][  0]LogDerivedDataCache: Display: Performance to C:/Users/tomon/AppData/Local/UnrealEngine/Common/DerivedDataCache: Latency=0.04ms. RandomReadSpeed=196.06MBs, RandomWriteSpeed=127.53MBs. Assigned SpeedClass 'Local'
[2025.03.05-03.18.02:194][  0]LogDerivedDataCache: Using Local data cache path C:/Users/tomon/AppData/Local/UnrealEngine/Common/DerivedDataCache: Writable
[2025.03.05-03.18.02:194][  0]LogDerivedDataCache: Shared data cache path not found in *engine.ini, will not use an Shared cache.
[2025.03.05-03.18.02:194][  0]LogDerivedDataCache: Unable to find inner node Shared for hierarchical cache Hierarchy.
[2025.03.05-03.18.02:228][  0]LogSlate: Using FreeType 2.10.0
[2025.03.05-03.18.02:230][  0]LogSlate: SlateFontServices - WITH_FREETYPE: 1, WITH_HARFBUZZ: 1
[2025.03.05-03.18.02:254][  0]LogAssetRegistry: FAssetRegistry took 0.0024 seconds to start up
[2025.03.05-03.18.02:412][  0]LogInit: Selected Device Profile: [Windows]
[2025.03.05-03.18.02:412][  0]LogInit: Active device profile: [0000021728CB4700][0000021724801600 49] Windows
[2025.03.05-03.18.02:412][  0]LogInit: Profiles: [0000021728CB4700][0000021724801600 49] Windows, [0000021728C67700][0000021724587780 49] WindowsNoEditor, [0000021728CB7300][000002172458B900 49] WindowsServer, [0000021728C64F00][000002172458FA80 49] WindowsClient, [0000021728CB7500][0000021724593C00 49] IOS, [0000021728C63F00][0000021724596200 49] iPadAir, [0000021728C67B00][000002172459A380 49] iPadAir2, [0000021728C1C500][00000217245A2640 49] IPadPro, [0000021728C1C600][000002172459E680 49] iPadAir3, [0000021728C60100][00000217248047C0 49] iPadAir4, [0000021728C1EC00][00000217245A6900 49] iPadMini2, [0000021728C62500][00000217245AAA40 49] iPadMini3, [0000021728C1F400][00000217245AEB80 49] iPadMini4, [0000021728C60F00][00000217245B6D00 49] iPadMini5, [0000021728C1BE00][00000217245BEFC0 49] iPhone6, [0000021728C1BF00][00000217245BB000 49] iPodTouch6, [0000021728CB7900][00000217245CF2C0 49] iPhone7, [0000021728CB6100][00000217245C3300 49] iPodTouch7, [0000021728C18400][00000217245EB480 49] iPhone5S, [0000021728C1FD00][0000021720807600 49] iPhone6Plus, [0000021728CB7400][000002172080B780 49] iPhone6S, [0000021728C1E000][000002172084B900 49] iPhone6SPlus, [0000021728CB4900][000002172084FA80 49] iPhone7Plus, [0000021728C1CE00][000002172089FC00 49] iPhoneSE, [0000021728CB4200][00000217208FE200 49] iPhone8, [0000021728C1E400][0000021720902380 49] iPhone8Plus, [0000021728CB5E00][0000021720906500 49] iPhoneX, [0000021728C1FE00][000002172090A680 49] iPhoneXS, [0000021728CB5600][000002172090E800 49] iPhoneXSMax, [0000021728C1E500][00000217245B2940 49] iPhoneXR, [0000021728CB6A00][0000021720912A80 49] iPhone11, [0000021728C1FA00][0000021720916BC0 49] iPhone11Pro, [0000021728CB4F00][000002172091AD00 49] iPhone11ProMax, [0000021728C1E300][0000021720922E80 49] iPhoneSE2, [0000021728CB6700][0000021720927000 49] iPhone12Mini, [0000021728C1C700][000002172092B180 49] iPhone12, [0000021728CB7100][000002172092F300 49] iPhone12Pro, [0000021728C1F500][0000021720933480 49] iPhone12ProMax, [0000021728CB4800][0000021720937600 49] iPadPro105, [0000021728C1DC00][000002172093B780 49] iPadPro129, [0000021728CB4300][000002172093F900 49] iPadPro97, [0000021728C1DD00][0000021720943A80 49] iPadPro2_129, [0000021728CB4C00][0000021720947C00 49] iPad5, [0000021728C1F000][000002172094A200 49] iPad6, [0000021728CB6C00][000002172094E380 49] iPad7, [0000021728C1EE00][0000021720952500 49] iPad8, [0000021728CB5800][0000021720956680 49] iPadPro11, [0000021728C1DB00][000002172095A800 49] iPadPro2_11, [0000021728CB5500][000002172095E980 49] iPadPro3_129, [0000021728C1E700][0000021720962B00 49] iPadPro4_129, [0000021728CB4100][000002172091EC40 49] AppleTV, [0000021728C1EB00][0000021720966D80 49] AppleTV4K, [0000021728CB5B00][000002172096AEC0 49] TVOS, [0000021728C1C900][0000021720973040 49] Mac, [0000021728CB5700][00000217209771C0 49] MacClient, [0000021728C1EF00][000002172097B340 49] MacNoEditor, [0000021728CB4D00][000002172097F4C0 49] MacServer, [0000021728C1C300][0000021720983640 49] Linux, [0000021728CB6E00][00000217209877C0 49] LinuxAArch64, [0000021728C1D500][000002172098B940 49] LinuxNoEditor, [0000021728CB6400][000002172098FAC0 49] LinuxAArch64NoEditor, [0000021728C1C200][00000217209920C0 49] LinuxClient, [0000021728CB6D00][0000021720996240 49] LinuxAArch64Client, [0000021728C1CC00][000002172099A3C0 49] LinuxServer, [0000021728CB4400][000002172099E540 49] LinuxAArch64Server, [0000021728C1D000][00000217209A26C0 49] Android, [0000021728C63900][00000217209A6840 49] Android_Low, [0000021728C19B00][00000217209AA9C0 49] Android_Mid, [0000021728C63000][00000217209AEB40 49] Android_High, [0000021728C1A300][00000217209B2CC0 49] Android_Default, [0000021728C62000][000002172096EE00 49] Android_Adreno4xx, [0000021728C18100][00000217209B6F40 49] Android_Adreno5xx_Low, [0000021728C60B00][00000217209BB080 49] Android_Adreno5xx, [0000021728C19800][00000217209BF1C0 49] Android_Adreno6xx, [0000021728C61100][00000217209C7340 49] Android_Adreno6xx_Vulkan, [0000021728C18800][00000217209CB4C0 49] Android_Mali_T6xx, [0000021728C63600][00000217209CF640 49] Android_Mali_T7xx, [0000021728C18D00][00000217209D37C0 49] Android_Mali_T8xx, [0000021728C63C00][00000217209D7940 49] Android_Mali_G71, [0000021728C19500][00000217209DBAC0 49] Android_Mali_G72, [0000021728C63E00][00000217209DE0C0 49] Android_Mali_G72_Vulkan, [0000021728C1BD00][00000217209E2240 49] Android_Mali_G76, [0000021728C63A00][00000217209E63C0 49] Android_Mali_G76_Vulkan, [0000021728C1B600][00000217209EA540 49] Android_Mali_G77, [0000021728C62200][00000217209EE6C0 49] Android_Mali_G77_Vulkan, [0000021728C19200][00000217209F2840 49] Android_Mali_G78, [0000021728C60A00][00000217209F69C0 49] Android_Mali_G78_Vulkan, [0000021728C1B000][00000217209FAB40 49] Android_Mali_G710, [0000021728C61400][00000217209FECC0 49] Android_Mali_G710_Vulkan, [0000021728C18700][0000021720A02E40 49] Android_Vulkan_SM5, [0000021728C61800][00000217209C2F80 49] Android_PowerVR_G6xxx, [0000021728C18E00][0000021720A070C0 49] Android_PowerVR_GT7xxx, [0000021728C60200][0000021720A0B200 49] Android_PowerVR_GE8xxx, [0000021728C18600][0000021720A0F340 49] Android_PowerVR_GM9xxx, [0000021728C62600][0000021720A174C0 49] Android_PowerVR_GM9xxx_Vulkan, [0000021728C1CF00][0000021720A1B640 49] Android_TegraK1, [0000021728C62A00][0000021720A1F7C0 49] Android_Unknown_Vulkan, [0000021728C1CD00][0000021720A23940 49] Lumin, [0000021728C61200][0000021720A27AC0 49] Lumin_Desktop, [0000021728C1CB00][0000021720A2A0C0 49] HoloLens, 
[2025.03.05-03.18.02:524][  0]LogMeshReduction: Using QuadricMeshReduction for automatic static mesh reduction
[2025.03.05-03.18.02:524][  0]LogMeshReduction: Using SimplygonMeshReduction for automatic skeletal mesh reduction
[2025.03.05-03.18.02:524][  0]LogMeshReduction: Using ProxyLODMeshReduction for automatic mesh merging
[2025.03.05-03.18.02:524][  0]LogMeshReduction: No distributed automatic mesh merging module available
[2025.03.05-03.18.02:524][  0]LogMeshMerging: No distributed automatic mesh merging module available
[2025.03.05-03.18.02:544][  0]LogNetVersion: Jam_2025_03 1.0.0, NetCL: 17155196, EngineNetVer: 17, GameNetVer: 0 (Checksum: 125437537)
[2025.03.05-03.18.02:912][  0]LogTexture: Default maximum texture size for cubemaps generated from long-lat sources has been changed from 512 to unlimited. In order to preserve old behaiour for '/Engine/MapTemplates/Sky/DaylightAmbientCubemap.DaylightAmbientCubemap', its maximum texture size has been explicitly set to 512.
[2025.03.05-03.18.02:980][  0]LogHMD: PokeAHoleMaterial loaded successfully
[2025.03.05-03.18.02:985][  0]LogUObjectArray: 17178 objects as part of root set at end of initial load.
[2025.03.05-03.18.02:985][  0]LogUObjectAllocator: 4302048 out of 0 bytes used by permanent object pool.
[2025.03.05-03.18.02:985][  0]LogUObjectArray: CloseDisregardForGC: 0/0 objects in disregard for GC pool
[2025.03.05-03.18.03:165][  0]LogNiagaraDebuggerClient: Niagara Debugger Client Initialized | Session: DBE9C0094F888517F4C4F49BE4FDADB0 | Instance: 4A3C065E43B111D61AB4B6BB0D600380 (RYUJI-VGAO-31956).
[2025.03.05-03.18.03:410][  0]LogTcpMessaging: Initializing TcpMessaging bridge
[2025.03.05-03.18.03:417][  0]LogUdpMessaging: Initializing bridge on interface 0.0.0.0:0 to multicast group 230.0.0.1:6666.
[2025.03.05-03.18.03:435][  0]LogPython: Using Python 3.7.7
[2025.03.05-03.18.03:878][  0]LogLinker: Warning:  '/Game/ThirdPersonBP/ThirdPersonOverview' のロードに失敗しました: ファイルが見つかりません
[2025.03.05-03.18.03:878][  0]LogLinker: Warning:  '/Game/ThirdPersonBP/ThirdPersonOverview' のロードに失敗しました: ファイルが見つかりません
[2025.03.05-03.18.03:878][  0]LogUObjectGlobals: Warning: オブジェクト 'Class /Game/ThirdPersonBP/ThirdPersonOverview.ThirdPersonOverview_C' が見つかりませんでした
[2025.03.05-03.18.04:207][  0]LogOpenImageDenoise: OIDN starting up
[2025.03.05-03.18.04:221][  0]LogAndroidPermission: UAndroidPermissionCallbackProxy::GetInstance
[2025.03.05-03.18.04:241][  0]LogAudioCaptureCore: Display: No Audio Capture implementations found. Audio input will be silent.
[2025.03.05-03.18.04:241][  0]LogAudioCaptureCore: Display: No Audio Capture implementations found. Audio input will be silent.
[2025.03.05-03.18.04:377][  0]SourceControl: ソースコントロールは無効です
[2025.03.05-03.18.04:377][  0]SourceControl: ソースコントロールは無効です
[2025.03.05-03.18.04:381][  0]SourceControl: ソースコントロールは無効です
[2025.03.05-03.18.04:389][  0]SourceControl: ソースコントロールは無効です
[2025.03.05-03.18.04:393][  0]SourceControl: ソースコントロールは無効です
[2025.03.05-03.18.04:404][  0]LogUProjectInfo: Found projects:
[2025.03.05-03.18.04:420][  0]LogCollectionManager: Loaded 0 collections in 0.001150 seconds
[2025.03.05-03.18.04:447][  0]LogFileCache: Scanning file cache for directory 'C:/UnrealProject/Vanatan_Jam_2025_3/Jam_2025_03/Saved/Collections/' took 0.00s
[2025.03.05-03.18.04:447][  0]LogFileCache: Scanning file cache for directory 'C:/UnrealProject/Vanatan_Jam_2025_3/Jam_2025_03/Content/Developers/tomon/Collections/' took 0.00s
[2025.03.05-03.18.04:447][  0]LogFileCache: Scanning file cache for directory 'C:/UnrealProject/Vanatan_Jam_2025_3/Jam_2025_03/Content/Collections/' took 0.00s
[2025.03.05-03.18.04:447][  0]LogOcInput: OculusInput pre-init called
[2025.03.05-03.18.04:682][  0]LogEngine: Initializing Engine...
[2025.03.05-03.18.04:685][  0]LogHMD: Failed to enumerate extensions. Please check that you have a valid OpenXR runtime installed.
[2025.03.05-03.18.04:685][  0]LogHMD: Failed to initialize OpenVR with code 110
[2025.03.05-03.18.04:685][  0]LogMagicLeap: Warning: VR disabled because ZI is not enabled.  To enable, in the editor, Edit -> Project Settings -> Plugins -> Magic Leap Plugin -> Enable Zero Iteration
[2025.03.05-03.18.04:686][  0]LogStats: UGameplayTagsManager::InitializeManager -  0.000 s
[2025.03.05-03.18.04:835][  0]LogInit: Initializing FReadOnlyCVARCache
[2025.03.05-03.18.04:844][  0]LogAIModule: Creating AISystem for world Untitled
[2025.03.05-03.18.04:847][  0]LogAudio: Display: Initializing Audio Device Manager...
[2025.03.05-03.18.04:851][  0]LogAudio: Display: Loading Default Audio Settings Objects...
[2025.03.05-03.18.04:851][  0]LogAudio: Display: No default SoundConcurrencyObject specified (or failed to load).
[2025.03.05-03.18.04:852][  0]LogAudio: Display: Audio Device Manager Initialized
[2025.03.05-03.18.04:852][  0]LogAudio: Display: Creating Audio Device:                 Id: 1, Scope: Shared, Realtime: True
[2025.03.05-03.18.04:852][  0]LogAudioMixer: Display: Audio Mixer Platform Settings:
[2025.03.05-03.18.04:852][  0]LogAudioMixer: Display: 	Sample Rate:						  48000
[2025.03.05-03.18.04:852][  0]LogAudioMixer: Display: 	Callback Buffer Frame Size Requested: 1024
[2025.03.05-03.18.04:852][  0]LogAudioMixer: Display: 	Callback Buffer Frame Size To Use:	  1024
[2025.03.05-03.18.04:852][  0]LogAudioMixer: Display: 	Number of buffers to queue:			  2
[2025.03.05-03.18.04:852][  0]LogAudioMixer: Display: 	Max Channels (voices):				  32
[2025.03.05-03.18.04:852][  0]LogAudioMixer: Display: 	Number of Async Source Workers:		  0
[2025.03.05-03.18.04:852][  0]LogAudio: Display: AudioDevice MaxSources: 32
[2025.03.05-03.18.04:852][  0]LogAudio: Display: Audio Spatialization Plugin: None (built-in).
[2025.03.05-03.18.04:852][  0]LogAudio: Display: Audio Reverb Plugin: None (built-in).
[2025.03.05-03.18.04:852][  0]LogAudio: Display: Audio Occlusion Plugin: None (built-in).
[2025.03.05-03.18.04:852][  0]LogAudioMixer: Display: Initializing audio mixer.
[2025.03.05-03.18.04:863][  0]LogAudioMixer: Display: 0: FrontLeft
[2025.03.05-03.18.04:863][  0]LogAudioMixer: Display: 1: FrontRight
[2025.03.05-03.18.05:541][  0]LogAudioMixer: Display: Using Audio Device スピーカー (Realtek(R) Audio)
[2025.03.05-03.18.05:544][  0]LogAudioMixer: Display: Initializing Sound Submixes...
[2025.03.05-03.18.05:551][  0]LogAudioMixer: Display: Creating Master Submix 'MasterSubmixDefault'
[2025.03.05-03.18.05:551][  0]LogAudioMixer: Display: Creating Master Submix 'MasterReverbSubmixDefault'
[2025.03.05-03.18.05:552][  0]LogAudioMixer: Display: Creating Master Submix 'MasterEQSubmixDefault'
[2025.03.05-03.18.05:552][  0]LogAudioMixer: FMixerPlatformXAudio2::StartAudioStream() called
[2025.03.05-03.18.05:552][  0]LogAudioMixer: Display: Output buffers initialized: Frames=1024, Channels=2, Samples=2048
[2025.03.05-03.18.05:554][  0]LogAudioMixer: Display: Starting AudioMixerPlatformInterface::RunInternal()
[2025.03.05-03.18.05:554][  0]LogAudioMixer: Display: FMixerPlatformXAudio2::SubmitBuffer() called for the first time
[2025.03.05-03.18.05:554][  0]LogInit: FAudioDevice initialized.
[2025.03.05-03.18.05:554][  0]LogAudio: Display: Audio Device (ID: 1) registered with world 'Untitled'.
[2025.03.05-03.18.05:554][  0]LogNetVersion: Set ProjectVersion to 1.0.0.0. Version Checksum will be recalculated on next use.
[2025.03.05-03.18.05:817][  0]LogDerivedDataCache: Saved boot cache 0.26s 94MB C:/Users/tomon/AppData/Local/UnrealEngine/4.27/DerivedDataCache/Boot.ddc.
[2025.03.05-03.18.05:817][  0]LogInit: Texture streaming: Enabled
[2025.03.05-03.18.05:835][  0]LogAnalytics: Display: [UEEditor.Rocket.Release] APIServer = https://datarouter.ol.epicgames.com/. AppVersion = 4.27.2-18319896+++UE4+Release-4.27
[2025.03.05-03.18.05:839][  0]LogEngineSessionManager: EngineSessionManager initialized
[2025.03.05-03.18.05:839][  0]LogEditorSessionSummary: Verbose: Initializing EditorSessionSummaryWriter for editor session tracking
[2025.03.05-03.18.05:841][  0]LogEditorSessionSummary: EditorSessionSummaryWriter initialized
[2025.03.05-03.18.05:871][  0]LogInit: Transaction tracking system initialized
[2025.03.05-03.18.05:901][  0]BlueprintLog: New page: エディタの読み込み
[2025.03.05-03.18.05:967][  0]LocalizationService: ローカライズのサービスが無効になりました
[2025.03.05-03.18.05:996][  0]TimingProfiler: Initialize
[2025.03.05-03.18.05:996][  0]TimingProfiler: OnSessionChanged
[2025.03.05-03.18.05:996][  0]LoadingProfiler: Initialize
[2025.03.05-03.18.05:996][  0]LoadingProfiler: OnSessionChanged
[2025.03.05-03.18.05:996][  0]NetworkingProfiler: Initialize
[2025.03.05-03.18.05:996][  0]NetworkingProfiler: OnSessionChanged
[2025.03.05-03.18.05:997][  0]MemoryProfiler: Initialize
[2025.03.05-03.18.05:997][  0]MemoryProfiler: OnSessionChanged
[2025.03.05-03.18.06:155][  0]LogCook: Display: CookSettings for Memory: MemoryMaxUsedVirtual 0MiB, MemoryMaxUsedPhysical 16384MiB, MemoryMinFreeVirtual 0MiB, MemoryMinFreePhysical 1024MiB
[2025.03.05-03.18.06:155][  0]LogCook: Display: Mobile HDR setting 1
[2025.03.05-03.18.06:351][  0]LogFileCache: Scanning file cache for directory 'C:/UnrealProject/Vanatan_Jam_2025_3/Jam_2025_03/Content/' took 0.00s
[2025.03.05-03.18.06:513][  0]LogInit: Display: Engine is initialized. Leaving FEngineLoop::Init()
[2025.03.05-03.18.06:516][  0]SourceControl: ソースコントロールは無効です
[2025.03.05-03.18.06:516][  0]LogUnrealEdMisc: Loading editor; pre map load, took 8.012
[2025.03.05-03.18.06:516][  0]Cmd: MAP LOAD FILE="../../../../../../UnrealProject/Vanatan_Jam_2025_3/Jam_2025_03/Content/TopDownBP/Maps/TopDownExampleMap.umap" TEMPLATE=0 SHOWPROGRESS=1 FEATURELEVEL=3
[2025.03.05-03.18.06:516][  0]LightingResults: New page: ライティングのビルド
[2025.03.05-03.18.06:518][  0]LogWorld: UWorld::CleanupWorld for Untitled, bSessionEnded=true, bCleanupResources=true
[2025.03.05-03.18.06:518][  0]LogSlate: InvalidateAllWidgets triggered.  All widgets were invalidated
[2025.03.05-03.18.06:519][  0]MapCheck: New page: マップをチェック
[2025.03.05-03.18.06:519][  0]LightingResults: New page: <何も選択されていません>
[2025.03.05-03.18.06:524][  0]LogAudio: Display: Audio Device unregistered from world 'None'.
[2025.03.05-03.18.06:526][  0]LogUObjectHash: Compacting FUObjectHashTables data took   0.51ms
[2025.03.05-03.18.06:809][  0]LogAudio: Display: Audio Device (ID: 1) registered with world 'TopDownExampleMap'.
[2025.03.05-03.18.06:809][  0]LogAIModule: Creating AISystem for world TopDownExampleMap
[2025.03.05-03.18.06:815][  0]LogEditorServer: Finished looking for orphan Actors (0.000 secs)
[2025.03.05-03.18.06:815][  0]LogNavigationDataBuild: Display:    Building NavData:  Name Default class /Script/NavigationSystem.RecastNavMesh agent radius 35.0.
[2025.03.05-03.18.06:822][  0]LogUObjectHash: Compacting FUObjectHashTables data took   0.53ms
[2025.03.05-03.18.06:823][  0]Cmd: MAP CHECKDEP NOCLEARLOG
[2025.03.05-03.18.06:823][  0]MapCheck: マップチェックが完了: 0 エラー、 0 警告、完了に 0.147ミリ秒かかりました。
[2025.03.05-03.18.06:823][  0]LogFileHelpers: Loading map 'TopDownExampleMap' took 0.307
[2025.03.05-03.18.06:824][  0]LogUnrealEdMisc: Total Editor Startup Time, took 8.320
[2025.03.05-03.18.06:973][  0]LogSlate: Updating window title bar state: overlay mode, drag disabled, window buttons hidden, title bar hidden
[2025.03.05-03.18.06:977][  0]LogSlate: Updating window title bar state: overlay mode, drag disabled, window buttons hidden, title bar hidden
[2025.03.05-03.18.06:981][  0]LogSlate: Updating window title bar state: overlay mode, drag disabled, window buttons hidden, title bar hidden
[2025.03.05-03.18.06:985][  0]LogSlate: Updating window title bar state: overlay mode, drag disabled, window buttons hidden, title bar hidden
[2025.03.05-03.18.06:995][  0]LogNativeClassHierarchy: Verbose: Native class hierarchy populated in 0.0064 seconds. Added 3822 classes and 928 folders.
[2025.03.05-03.18.07:000][  0]LogNativeClassHierarchy: Verbose: Native class hierarchy updated for 'WidgetCarousel' in 0.0002 seconds. Added 0 classes and 0 folders.
[2025.03.05-03.18.07:002][  0]LogPakFile: PakFile PrimaryIndexSize=187
[2025.03.05-03.18.07:002][  0]LogPakFile: PakFile PathHashIndexSize=101
[2025.03.05-03.18.07:002][  0]LogPakFile: PakFile FullDirectoryIndexSize=148
[2025.03.05-03.18.07:002][  0]LogShaderLibrary: Display: ShaderCodeLibraryPakFileMountedCallback: PakFile 'C:/Program Files/Epic Games/UE_4.27/FeaturePacks/FP_FirstPerson.upack' (chunk index -1, root 'root:/') mounted
[2025.03.05-03.18.07:002][  0]LogShaderLibrary: Display: ShaderCodeLibraryPakFileMountedCallback: pending pak file info (ChunkID:-1 Root:root:/ File:C:/Program Files/Epic Games/UE_4.27/FeaturePacks/FP_FirstPerson.upack)
[2025.03.05-03.18.07:002][  0]LogPakFile: OnPakFileMounted2Time == 0.000043
[2025.03.05-03.18.07:004][  0]LogPakFile: PakFile PrimaryIndexSize=189
[2025.03.05-03.18.07:004][  0]LogPakFile: PakFile PathHashIndexSize=101
[2025.03.05-03.18.07:004][  0]LogPakFile: PakFile FullDirectoryIndexSize=152
[2025.03.05-03.18.07:004][  0]LogShaderLibrary: Display: ShaderCodeLibraryPakFileMountedCallback: PakFile 'C:/Program Files/Epic Games/UE_4.27/FeaturePacks/FP_FirstPersonBP.upack' (chunk index -1, root 'root:/') mounted
[2025.03.05-03.18.07:004][  0]LogShaderLibrary: Display: ShaderCodeLibraryPakFileMountedCallback: pending pak file info (ChunkID:-1 Root:root:/ File:C:/Program Files/Epic Games/UE_4.27/FeaturePacks/FP_FirstPersonBP.upack)
[2025.03.05-03.18.07:004][  0]LogPakFile: OnPakFileMounted2Time == 0.000029
[2025.03.05-03.18.07:005][  0]LogPakFile: PakFile PrimaryIndexSize=191
[2025.03.05-03.18.07:005][  0]LogPakFile: PakFile PathHashIndexSize=101
[2025.03.05-03.18.07:005][  0]LogPakFile: PakFile FullDirectoryIndexSize=160
[2025.03.05-03.18.07:005][  0]LogShaderLibrary: Display: ShaderCodeLibraryPakFileMountedCallback: PakFile 'C:/Program Files/Epic Games/UE_4.27/FeaturePacks/MobileStarterContent.upack' (chunk index -1, root 'root:/') mounted
[2025.03.05-03.18.07:005][  0]LogShaderLibrary: Display: ShaderCodeLibraryPakFileMountedCallback: pending pak file info (ChunkID:-1 Root:root:/ File:C:/Program Files/Epic Games/UE_4.27/FeaturePacks/MobileStarterContent.upack)
[2025.03.05-03.18.07:005][  0]LogPakFile: OnPakFileMounted2Time == 0.000022
[2025.03.05-03.18.07:006][  0]LogPakFile: PakFile PrimaryIndexSize=185
[2025.03.05-03.18.07:006][  0]LogPakFile: PakFile PathHashIndexSize=101
[2025.03.05-03.18.07:006][  0]LogPakFile: PakFile FullDirectoryIndexSize=148
[2025.03.05-03.18.07:006][  0]LogShaderLibrary: Display: ShaderCodeLibraryPakFileMountedCallback: PakFile 'C:/Program Files/Epic Games/UE_4.27/FeaturePacks/StarterContent.upack' (chunk index -1, root 'root:/') mounted
[2025.03.05-03.18.07:006][  0]LogShaderLibrary: Display: ShaderCodeLibraryPakFileMountedCallback: pending pak file info (ChunkID:-1 Root:root:/ File:C:/Program Files/Epic Games/UE_4.27/FeaturePacks/StarterContent.upack)
[2025.03.05-03.18.07:006][  0]LogPakFile: OnPakFileMounted2Time == 0.000023
[2025.03.05-03.18.07:007][  0]LogPakFile: PakFile PrimaryIndexSize=190
[2025.03.05-03.18.07:007][  0]LogPakFile: PakFile PathHashIndexSize=101
[2025.03.05-03.18.07:007][  0]LogPakFile: PakFile FullDirectoryIndexSize=154
[2025.03.05-03.18.07:007][  0]LogShaderLibrary: Display: ShaderCodeLibraryPakFileMountedCallback: PakFile 'C:/Program Files/Epic Games/UE_4.27/FeaturePacks/TP_2DSideScroller.upack' (chunk index -1, root 'root:/') mounted
[2025.03.05-03.18.07:007][  0]LogShaderLibrary: Display: ShaderCodeLibraryPakFileMountedCallback: pending pak file info (ChunkID:-1 Root:root:/ File:C:/Program Files/Epic Games/UE_4.27/FeaturePacks/TP_2DSideScroller.upack)
[2025.03.05-03.18.07:007][  0]LogPakFile: OnPakFileMounted2Time == 0.000022
[2025.03.05-03.18.07:009][  0]LogPakFile: PakFile PrimaryIndexSize=192
[2025.03.05-03.18.07:009][  0]LogPakFile: PakFile PathHashIndexSize=101
[2025.03.05-03.18.07:009][  0]LogPakFile: PakFile FullDirectoryIndexSize=158
[2025.03.05-03.18.07:009][  0]LogShaderLibrary: Display: ShaderCodeLibraryPakFileMountedCallback: PakFile 'C:/Program Files/Epic Games/UE_4.27/FeaturePacks/TP_2DSideScrollerBP.upack' (chunk index -1, root 'root:/') mounted
[2025.03.05-03.18.07:009][  0]LogShaderLibrary: Display: ShaderCodeLibraryPakFileMountedCallback: pending pak file info (ChunkID:-1 Root:root:/ File:C:/Program Files/Epic Games/UE_4.27/FeaturePacks/TP_2DSideScrollerBP.upack)
[2025.03.05-03.18.07:009][  0]LogPakFile: OnPakFileMounted2Time == 0.000021
[2025.03.05-03.18.07:010][  0]LogPakFile: PakFile PrimaryIndexSize=182
[2025.03.05-03.18.07:010][  0]LogPakFile: PakFile PathHashIndexSize=101
[2025.03.05-03.18.07:010][  0]LogPakFile: PakFile FullDirectoryIndexSize=138
[2025.03.05-03.18.07:010][  0]LogShaderLibrary: Display: ShaderCodeLibraryPakFileMountedCallback: PakFile 'C:/Program Files/Epic Games/UE_4.27/FeaturePacks/TP_Flying.upack' (chunk index -1, root 'root:/') mounted
[2025.03.05-03.18.07:010][  0]LogShaderLibrary: Display: ShaderCodeLibraryPakFileMountedCallback: pending pak file info (ChunkID:-1 Root:root:/ File:C:/Program Files/Epic Games/UE_4.27/FeaturePacks/TP_Flying.upack)
[2025.03.05-03.18.07:010][  0]LogPakFile: OnPakFileMounted2Time == 0.000021
[2025.03.05-03.18.07:011][  0]LogPakFile: PakFile PrimaryIndexSize=184
[2025.03.05-03.18.07:011][  0]LogPakFile: PakFile PathHashIndexSize=101
[2025.03.05-03.18.07:011][  0]LogPakFile: PakFile FullDirectoryIndexSize=142
[2025.03.05-03.18.07:011][  0]LogShaderLibrary: Display: ShaderCodeLibraryPakFileMountedCallback: PakFile 'C:/Program Files/Epic Games/UE_4.27/FeaturePacks/TP_FlyingBP.upack' (chunk index -1, root 'root:/') mounted
[2025.03.05-03.18.07:011][  0]LogShaderLibrary: Display: ShaderCodeLibraryPakFileMountedCallback: pending pak file info (ChunkID:-1 Root:root:/ File:C:/Program Files/Epic Games/UE_4.27/FeaturePacks/TP_FlyingBP.upack)
[2025.03.05-03.18.07:011][  0]LogPakFile: OnPakFileMounted2Time == 0.000022
[2025.03.05-03.18.07:012][  0]LogPakFile: PakFile PrimaryIndexSize=188
[2025.03.05-03.18.07:012][  0]LogPakFile: PakFile PathHashIndexSize=101
[2025.03.05-03.18.07:012][  0]LogPakFile: PakFile FullDirectoryIndexSize=150
[2025.03.05-03.18.07:012][  0]LogShaderLibrary: Display: ShaderCodeLibraryPakFileMountedCallback: PakFile 'C:/Program Files/Epic Games/UE_4.27/FeaturePacks/TP_HandheldARBP.upack' (chunk index -1, root 'root:/') mounted
[2025.03.05-03.18.07:012][  0]LogShaderLibrary: Display: ShaderCodeLibraryPakFileMountedCallback: pending pak file info (ChunkID:-1 Root:root:/ File:C:/Program Files/Epic Games/UE_4.27/FeaturePacks/TP_HandheldARBP.upack)
[2025.03.05-03.18.07:012][  0]LogPakFile: OnPakFileMounted2Time == 0.000021
[2025.03.05-03.18.07:017][  0]LogPakFile: PakFile PrimaryIndexSize=182
[2025.03.05-03.18.07:017][  0]LogPakFile: PakFile PathHashIndexSize=101
[2025.03.05-03.18.07:017][  0]LogPakFile: PakFile FullDirectoryIndexSize=138
[2025.03.05-03.18.07:017][  0]LogShaderLibrary: Display: ShaderCodeLibraryPakFileMountedCallback: PakFile 'C:/Program Files/Epic Games/UE_4.27/FeaturePacks/TP_Puzzle.upack' (chunk index -1, root 'root:/') mounted
[2025.03.05-03.18.07:017][  0]LogShaderLibrary: Display: ShaderCodeLibraryPakFileMountedCallback: pending pak file info (ChunkID:-1 Root:root:/ File:C:/Program Files/Epic Games/UE_4.27/FeaturePacks/TP_Puzzle.upack)
[2025.03.05-03.18.07:017][  0]LogPakFile: OnPakFileMounted2Time == 0.000091
[2025.03.05-03.18.07:024][  0]LogPakFile: PakFile PrimaryIndexSize=184
[2025.03.05-03.18.07:024][  0]LogPakFile: PakFile PathHashIndexSize=101
[2025.03.05-03.18.07:024][  0]LogPakFile: PakFile FullDirectoryIndexSize=142
[2025.03.05-03.18.07:024][  0]LogShaderLibrary: Display: ShaderCodeLibraryPakFileMountedCallback: PakFile 'C:/Program Files/Epic Games/UE_4.27/FeaturePacks/TP_PuzzleBP.upack' (chunk index -1, root 'root:/') mounted
[2025.03.05-03.18.07:024][  0]LogShaderLibrary: Display: ShaderCodeLibraryPakFileMountedCallback: pending pak file info (ChunkID:-1 Root:root:/ File:C:/Program Files/Epic Games/UE_4.27/FeaturePacks/TP_PuzzleBP.upack)
[2025.03.05-03.18.07:024][  0]LogPakFile: OnPakFileMounted2Time == 0.000030
[2025.03.05-03.18.07:025][  0]LogPakFile: PakFile PrimaryIndexSize=183
[2025.03.05-03.18.07:025][  0]LogPakFile: PakFile PathHashIndexSize=101
[2025.03.05-03.18.07:025][  0]LogPakFile: PakFile FullDirectoryIndexSize=140
[2025.03.05-03.18.07:025][  0]LogShaderLibrary: Display: ShaderCodeLibraryPakFileMountedCallback: PakFile 'C:/Program Files/Epic Games/UE_4.27/FeaturePacks/TP_Rolling.upack' (chunk index -1, root 'root:/') mounted
[2025.03.05-03.18.07:026][  0]LogShaderLibrary: Display: ShaderCodeLibraryPakFileMountedCallback: pending pak file info (ChunkID:-1 Root:root:/ File:C:/Program Files/Epic Games/UE_4.27/FeaturePacks/TP_Rolling.upack)
[2025.03.05-03.18.07:026][  0]LogPakFile: OnPakFileMounted2Time == 0.000026
[2025.03.05-03.18.07:028][  0]LogPakFile: PakFile PrimaryIndexSize=185
[2025.03.05-03.18.07:028][  0]LogPakFile: PakFile PathHashIndexSize=101
[2025.03.05-03.18.07:028][  0]LogPakFile: PakFile FullDirectoryIndexSize=144
[2025.03.05-03.18.07:028][  0]LogShaderLibrary: Display: ShaderCodeLibraryPakFileMountedCallback: PakFile 'C:/Program Files/Epic Games/UE_4.27/FeaturePacks/TP_RollingBP.upack' (chunk index -1, root 'root:/') mounted
[2025.03.05-03.18.07:028][  0]LogShaderLibrary: Display: ShaderCodeLibraryPakFileMountedCallback: pending pak file info (ChunkID:-1 Root:root:/ File:C:/Program Files/Epic Games/UE_4.27/FeaturePacks/TP_RollingBP.upack)
[2025.03.05-03.18.07:028][  0]LogPakFile: OnPakFileMounted2Time == 0.000028
[2025.03.05-03.18.07:030][  0]LogPakFile: PakFile PrimaryIndexSize=188
[2025.03.05-03.18.07:030][  0]LogPakFile: PakFile PathHashIndexSize=101
[2025.03.05-03.18.07:030][  0]LogPakFile: PakFile FullDirectoryIndexSize=150
[2025.03.05-03.18.07:030][  0]LogShaderLibrary: Display: ShaderCodeLibraryPakFileMountedCallback: PakFile 'C:/Program Files/Epic Games/UE_4.27/FeaturePacks/TP_SideScroller.upack' (chunk index -1, root 'root:/') mounted
[2025.03.05-03.18.07:030][  0]LogShaderLibrary: Display: ShaderCodeLibraryPakFileMountedCallback: pending pak file info (ChunkID:-1 Root:root:/ File:C:/Program Files/Epic Games/UE_4.27/FeaturePacks/TP_SideScroller.upack)
[2025.03.05-03.18.07:030][  0]LogPakFile: OnPakFileMounted2Time == 0.000031
[2025.03.05-03.18.07:032][  0]LogPakFile: PakFile PrimaryIndexSize=190
[2025.03.05-03.18.07:032][  0]LogPakFile: PakFile PathHashIndexSize=101
[2025.03.05-03.18.07:032][  0]LogPakFile: PakFile FullDirectoryIndexSize=154
[2025.03.05-03.18.07:032][  0]LogShaderLibrary: Display: ShaderCodeLibraryPakFileMountedCallback: PakFile 'C:/Program Files/Epic Games/UE_4.27/FeaturePacks/TP_SideScrollerBP.upack' (chunk index -1, root 'root:/') mounted
[2025.03.05-03.18.07:032][  0]LogShaderLibrary: Display: ShaderCodeLibraryPakFileMountedCallback: pending pak file info (ChunkID:-1 Root:root:/ File:C:/Program Files/Epic Games/UE_4.27/FeaturePacks/TP_SideScrollerBP.upack)
[2025.03.05-03.18.07:032][  0]LogPakFile: OnPakFileMounted2Time == 0.000030
[2025.03.05-03.18.07:033][  0]LogPakFile: PakFile PrimaryIndexSize=187
[2025.03.05-03.18.07:033][  0]LogPakFile: PakFile PathHashIndexSize=101
[2025.03.05-03.18.07:033][  0]LogPakFile: PakFile FullDirectoryIndexSize=148
[2025.03.05-03.18.07:033][  0]LogShaderLibrary: Display: ShaderCodeLibraryPakFileMountedCallback: PakFile 'C:/Program Files/Epic Games/UE_4.27/FeaturePacks/TP_ThirdPerson.upack' (chunk index -1, root 'root:/') mounted
[2025.03.05-03.18.07:033][  0]LogShaderLibrary: Display: ShaderCodeLibraryPakFileMountedCallback: pending pak file info (ChunkID:-1 Root:root:/ File:C:/Program Files/Epic Games/UE_4.27/FeaturePacks/TP_ThirdPerson.upack)
[2025.03.05-03.18.07:033][  0]LogPakFile: OnPakFileMounted2Time == 0.000026
[2025.03.05-03.18.07:035][  0]LogPakFile: PakFile PrimaryIndexSize=189
[2025.03.05-03.18.07:035][  0]LogPakFile: PakFile PathHashIndexSize=101
[2025.03.05-03.18.07:035][  0]LogPakFile: PakFile FullDirectoryIndexSize=152
[2025.03.05-03.18.07:035][  0]LogShaderLibrary: Display: ShaderCodeLibraryPakFileMountedCallback: PakFile 'C:/Program Files/Epic Games/UE_4.27/FeaturePacks/TP_ThirdPersonBP.upack' (chunk index -1, root 'root:/') mounted
[2025.03.05-03.18.07:035][  0]LogShaderLibrary: Display: ShaderCodeLibraryPakFileMountedCallback: pending pak file info (ChunkID:-1 Root:root:/ File:C:/Program Files/Epic Games/UE_4.27/FeaturePacks/TP_ThirdPersonBP.upack)
[2025.03.05-03.18.07:035][  0]LogPakFile: OnPakFileMounted2Time == 0.000022
[2025.03.05-03.18.07:036][  0]LogPakFile: PakFile PrimaryIndexSize=183
[2025.03.05-03.18.07:036][  0]LogPakFile: PakFile PathHashIndexSize=101
[2025.03.05-03.18.07:036][  0]LogPakFile: PakFile FullDirectoryIndexSize=140
[2025.03.05-03.18.07:036][  0]LogShaderLibrary: Display: ShaderCodeLibraryPakFileMountedCallback: PakFile 'C:/Program Files/Epic Games/UE_4.27/FeaturePacks/TP_TopDown.upack' (chunk index -1, root 'root:/') mounted
[2025.03.05-03.18.07:036][  0]LogShaderLibrary: Display: ShaderCodeLibraryPakFileMountedCallback: pending pak file info (ChunkID:-1 Root:root:/ File:C:/Program Files/Epic Games/UE_4.27/FeaturePacks/TP_TopDown.upack)
[2025.03.05-03.18.07:036][  0]LogPakFile: OnPakFileMounted2Time == 0.000030
[2025.03.05-03.18.07:038][  0]LogPakFile: PakFile PrimaryIndexSize=185
[2025.03.05-03.18.07:038][  0]LogPakFile: PakFile PathHashIndexSize=101
[2025.03.05-03.18.07:038][  0]LogPakFile: PakFile FullDirectoryIndexSize=144
[2025.03.05-03.18.07:038][  0]LogShaderLibrary: Display: ShaderCodeLibraryPakFileMountedCallback: PakFile 'C:/Program Files/Epic Games/UE_4.27/FeaturePacks/TP_TopDownBP.upack' (chunk index -1, root 'root:/') mounted
[2025.03.05-03.18.07:038][  0]LogShaderLibrary: Display: ShaderCodeLibraryPakFileMountedCallback: pending pak file info (ChunkID:-1 Root:root:/ File:C:/Program Files/Epic Games/UE_4.27/FeaturePacks/TP_TopDownBP.upack)
[2025.03.05-03.18.07:038][  0]LogPakFile: OnPakFileMounted2Time == 0.000030
[2025.03.05-03.18.07:040][  0]LogPakFile: PakFile PrimaryIndexSize=185
[2025.03.05-03.18.07:040][  0]LogPakFile: PakFile PathHashIndexSize=101
[2025.03.05-03.18.07:040][  0]LogPakFile: PakFile FullDirectoryIndexSize=144
[2025.03.05-03.18.07:040][  0]LogShaderLibrary: Display: ShaderCodeLibraryPakFileMountedCallback: PakFile 'C:/Program Files/Epic Games/UE_4.27/FeaturePacks/TP_TwinStick.upack' (chunk index -1, root 'root:/') mounted
[2025.03.05-03.18.07:040][  0]LogShaderLibrary: Display: ShaderCodeLibraryPakFileMountedCallback: pending pak file info (ChunkID:-1 Root:root:/ File:C:/Program Files/Epic Games/UE_4.27/FeaturePacks/TP_TwinStick.upack)
[2025.03.05-03.18.07:040][  0]LogPakFile: OnPakFileMounted2Time == 0.000033
[2025.03.05-03.18.07:041][  0]LogPakFile: PakFile PrimaryIndexSize=187
[2025.03.05-03.18.07:041][  0]LogPakFile: PakFile PathHashIndexSize=101
[2025.03.05-03.18.07:041][  0]LogPakFile: PakFile FullDirectoryIndexSize=148
[2025.03.05-03.18.07:041][  0]LogShaderLibrary: Display: ShaderCodeLibraryPakFileMountedCallback: PakFile 'C:/Program Files/Epic Games/UE_4.27/FeaturePacks/TP_TwinStickBP.upack' (chunk index -1, root 'root:/') mounted
[2025.03.05-03.18.07:041][  0]LogShaderLibrary: Display: ShaderCodeLibraryPakFileMountedCallback: pending pak file info (ChunkID:-1 Root:root:/ File:C:/Program Files/Epic Games/UE_4.27/FeaturePacks/TP_TwinStickBP.upack)
[2025.03.05-03.18.07:041][  0]LogPakFile: OnPakFileMounted2Time == 0.000032
[2025.03.05-03.18.07:043][  0]LogPakFile: PakFile PrimaryIndexSize=183
[2025.03.05-03.18.07:043][  0]LogPakFile: PakFile PathHashIndexSize=101
[2025.03.05-03.18.07:043][  0]LogPakFile: PakFile FullDirectoryIndexSize=140
[2025.03.05-03.18.07:043][  0]LogShaderLibrary: Display: ShaderCodeLibraryPakFileMountedCallback: PakFile 'C:/Program Files/Epic Games/UE_4.27/FeaturePacks/TP_Vehicle.upack' (chunk index -1, root 'root:/') mounted
[2025.03.05-03.18.07:043][  0]LogShaderLibrary: Display: ShaderCodeLibraryPakFileMountedCallback: pending pak file info (ChunkID:-1 Root:root:/ File:C:/Program Files/Epic Games/UE_4.27/FeaturePacks/TP_Vehicle.upack)
[2025.03.05-03.18.07:043][  0]LogPakFile: OnPakFileMounted2Time == 0.000025
[2025.03.05-03.18.07:044][  0]LogPakFile: PakFile PrimaryIndexSize=186
[2025.03.05-03.18.07:044][  0]LogPakFile: PakFile PathHashIndexSize=101
[2025.03.05-03.18.07:044][  0]LogPakFile: PakFile FullDirectoryIndexSize=146
[2025.03.05-03.18.07:044][  0]LogShaderLibrary: Display: ShaderCodeLibraryPakFileMountedCallback: PakFile 'C:/Program Files/Epic Games/UE_4.27/FeaturePacks/TP_VehicleAdv.upack' (chunk index -1, root 'root:/') mounted
[2025.03.05-03.18.07:044][  0]LogShaderLibrary: Display: ShaderCodeLibraryPakFileMountedCallback: pending pak file info (ChunkID:-1 Root:root:/ File:C:/Program Files/Epic Games/UE_4.27/FeaturePacks/TP_VehicleAdv.upack)
[2025.03.05-03.18.07:044][  0]LogPakFile: OnPakFileMounted2Time == 0.000027
[2025.03.05-03.18.07:046][  0]LogPakFile: PakFile PrimaryIndexSize=188
[2025.03.05-03.18.07:046][  0]LogPakFile: PakFile PathHashIndexSize=101
[2025.03.05-03.18.07:046][  0]LogPakFile: PakFile FullDirectoryIndexSize=150
[2025.03.05-03.18.07:046][  0]LogShaderLibrary: Display: ShaderCodeLibraryPakFileMountedCallback: PakFile 'C:/Program Files/Epic Games/UE_4.27/FeaturePacks/TP_VehicleAdvBP.upack' (chunk index -1, root 'root:/') mounted
[2025.03.05-03.18.07:047][  0]LogShaderLibrary: Display: ShaderCodeLibraryPakFileMountedCallback: pending pak file info (ChunkID:-1 Root:root:/ File:C:/Program Files/Epic Games/UE_4.27/FeaturePacks/TP_VehicleAdvBP.upack)
[2025.03.05-03.18.07:047][  0]LogPakFile: OnPakFileMounted2Time == 0.000032
[2025.03.05-03.18.07:048][  0]LogPakFile: PakFile PrimaryIndexSize=185
[2025.03.05-03.18.07:048][  0]LogPakFile: PakFile PathHashIndexSize=101
[2025.03.05-03.18.07:048][  0]LogPakFile: PakFile FullDirectoryIndexSize=144
[2025.03.05-03.18.07:048][  0]LogShaderLibrary: Display: ShaderCodeLibraryPakFileMountedCallback: PakFile 'C:/Program Files/Epic Games/UE_4.27/FeaturePacks/TP_VehicleBP.upack' (chunk index -1, root 'root:/') mounted
[2025.03.05-03.18.07:048][  0]LogShaderLibrary: Display: ShaderCodeLibraryPakFileMountedCallback: pending pak file info (ChunkID:-1 Root:root:/ File:C:/Program Files/Epic Games/UE_4.27/FeaturePacks/TP_VehicleBP.upack)
[2025.03.05-03.18.07:048][  0]LogPakFile: OnPakFileMounted2Time == 0.000029
[2025.03.05-03.18.07:049][  0]LogPakFile: PakFile PrimaryIndexSize=192
[2025.03.05-03.18.07:050][  0]LogPakFile: PakFile PathHashIndexSize=101
[2025.03.05-03.18.07:050][  0]LogPakFile: PakFile FullDirectoryIndexSize=158
[2025.03.05-03.18.07:050][  0]LogShaderLibrary: Display: ShaderCodeLibraryPakFileMountedCallback: PakFile 'C:/Program Files/Epic Games/UE_4.27/FeaturePacks/TP_VirtualRealityBP.upack' (chunk index -1, root 'root:/') mounted
[2025.03.05-03.18.07:050][  0]LogShaderLibrary: Display: ShaderCodeLibraryPakFileMountedCallback: pending pak file info (ChunkID:-1 Root:root:/ File:C:/Program Files/Epic Games/UE_4.27/FeaturePacks/TP_VirtualRealityBP.upack)
[2025.03.05-03.18.07:050][  0]LogPakFile: OnPakFileMounted2Time == 0.000028
[2025.03.05-03.18.07:158][  0]LogNativeClassHierarchy: Verbose: Native class hierarchy updated for 'AddContentDialog' in 0.0002 seconds. Added 0 classes and 0 folders.
[2025.03.05-03.18.07:159][  0]LogNativeClassHierarchy: Verbose: Native class hierarchy updated for 'SceneOutliner' in 0.0002 seconds. Added 2 classes and 0 folders.
[2025.03.05-03.18.07:238][  0]LogSlate: Took 0.002118 seconds to synchronously load lazily loaded font '../../../Engine/Content/Slate/Fonts/Roboto-Regular.ttf' (155K)
[2025.03.05-03.18.07:240][  0]LogSlate: Took 0.001040 seconds to synchronously load lazily loaded font '../../../Engine/Content/Editor/Slate/Fonts/FontAwesome.ttf' (139K)
[2025.03.05-03.18.07:241][  0]LogSlate: Took 0.001060 seconds to synchronously load lazily loaded font '../../../Engine/Content/Editor/Slate/Fonts/GenEiGothicPro-Regular.otf' (707K)
[2025.03.05-03.18.07:243][  0]LogSlate: Took 0.001072 seconds to synchronously load lazily loaded font '../../../Engine/Content/Editor/Slate/Fonts/GenEiGothicPro-Bold.otf' (698K)
[2025.03.05-03.18.07:244][  0]LogSlate: Took 0.000910 seconds to synchronously load lazily loaded font '../../../Engine/Content/Slate/Fonts/Roboto-Bold.ttf' (160K)
[2025.03.05-03.18.07:305][  0]LogRenderer: Reallocating scene render targets to support 892x372 Format 10 NumSamples 1 (Frame:1).
[2025.03.05-03.18.07:413][  0]LogNativeClassHierarchy: Verbose: Native class hierarchy updated for 'HierarchicalLODOutliner' in 0.0002 seconds. Added 0 classes and 0 folders.
[2025.03.05-03.18.07:413][  0]LogInput: Warning: Action SetDestination uses invalid key OculusGo_Left_Trigger_Click.
[2025.03.05-03.18.07:413][  0]LogInput: Warning: Action ResetVR uses invalid key OculusGo_Left_Back_Click.
[2025.03.05-03.18.07:413][  0]LogInput: Warning: Use -RemoveInvalidKeys to remove instances of these keys from the action mapping.
[2025.03.05-03.18.07:413][  0]LogLoad: (Engine Initialization) Total time: 8.91 seconds
[2025.03.05-03.18.07:413][  0]LogLoad: (Engine Initialization) Total Blueprint compile time: 0.00 seconds
[2025.03.05-03.18.07:460][  0]LogAssetRegistry: Asset discovery search completed in 5.2076 seconds
[2025.03.05-03.18.07:466][  0]LogCollectionManager: Fixed up redirectors for 0 collections in 0.000003 seconds (updated 0 objects)
[2025.03.05-03.18.07:468][  0]LogContentStreaming: Texture pool size now 1000 MB
[2025.03.05-03.18.07:586][  2]LogSlate: Took 0.000991 seconds to synchronously load lazily loaded font '../../../Engine/Content/Slate/Fonts/Roboto-Light.ttf' (167K)
[2025.03.05-03.18.17:383][342]LogContentBrowser: Deferred new asset folder creation: 新規フォルダ
[2025.03.05-03.18.17:392][342]LogContentBrowser: Creating deferred item: 新規フォルダ
[2025.03.05-03.18.17:396][342]LogSlate: Took 0.002492 seconds to synchronously load lazily loaded font '../../../Engine/Content/Editor/Slate/Fonts/GenEiGothicPro-Light.otf' (713K)
[2025.03.05-03.18.20:827][547]LogContentBrowser: Attempting asset rename: 新規フォルダ -> Tomonaga
[2025.03.05-03.18.20:827][547]LogContentBrowser: End creating deferred item 新規フォルダ
[2025.03.05-03.18.29:778][815]LogSlate: Took 0.000433 seconds to synchronously load lazily loaded font '../../../Engine/Content/Slate/Fonts/Roboto-Light.ttf' (167K)
[2025.03.05-03.18.29:828][815]LogUObjectHash: Compacting FUObjectHashTables data took   0.46ms
[2025.03.05-03.18.29:846][815]LogSavePackage: Moving '../../../../../../UnrealProject/Vanatan_Jam_2025_3/Jam_2025_03/Saved/TopDownExampleMap300202A44671BFEA1CB07591A9A72B62.tmp' to '../../../../../../UnrealProject/Vanatan_Jam_2025_3/Jam_2025_03/Content/TopDownBP/Maps/TopDownExampleMap.umap'
[2025.03.05-03.18.29:914][815]LogSavePackage: Moving '../../../../../../UnrealProject/Vanatan_Jam_2025_3/Jam_2025_03/Saved/TopDownExampleMap_BuiltData4A9F57534D740887AE06498DCEF42F4F.tmp' to '../../../../../../UnrealProject/Vanatan_Jam_2025_3/Jam_2025_03/Content/TopDownBP/Maps/TopDownExampleMap_BuiltData.uasset'
[2025.03.05-03.18.29:932][815]AssetCheck: New page: アセット保存：複数のアセット
[2025.03.05-03.18.29:932][815]LogContentValidation: Display: MapBuildDataRegistry /Game/TopDownBP/Maps/TopDownExampleMap_BuiltData.TopDownExampleMap_BuiltData を検証しています
[2025.03.05-03.18.29:932][815]LogContentValidation: Display: World /Game/TopDownBP/Maps/TopDownExampleMap.TopDownExampleMap を検証しています
[2025.03.05-03.25.47:778][738]LogContentBrowser: Deferred new asset folder creation: 新規フォルダ
[2025.03.05-03.25.47:787][738]LogContentBrowser: Creating deferred item: 新規フォルダ
[2025.03.05-03.25.50:809][919]LogContentBrowser: Attempting asset rename: 新規フォルダ -> Tomonaga
[2025.03.05-03.25.50:809][919]LogContentBrowser: End creating deferred item 新規フォルダ
[2025.03.05-03.25.53:007][ 49]LogUObjectHash: Compacting FUObjectHashTables data took   0.32ms
[2025.03.05-03.25.53:032][ 49]LogSavePackage: Moving '../../../../../../UnrealProject/Vanatan_Jam_2025_3/Jam_2025_03/Saved/TopDownExampleMap0817971C47A113E16B44EA92A8AD3A19.tmp' to '../../../../../../UnrealProject/Vanatan_Jam_2025_3/Jam_2025_03/Content/TopDownBP/Maps/TopDownExampleMap.umap'
[2025.03.05-03.25.53:098][ 49]LogSavePackage: Moving '../../../../../../UnrealProject/Vanatan_Jam_2025_3/Jam_2025_03/Saved/TopDownExampleMap_BuiltData3E2EFB8740D6AE1F8526F1A4BC78EA2E.tmp' to '../../../../../../UnrealProject/Vanatan_Jam_2025_3/Jam_2025_03/Content/TopDownBP/Maps/TopDownExampleMap_BuiltData.uasset'
[2025.03.05-03.25.53:118][ 49]AssetCheck: New page: アセット保存：複数のアセット
[2025.03.05-03.25.53:118][ 49]LogContentValidation: Display: MapBuildDataRegistry /Game/TopDownBP/Maps/TopDownExampleMap_BuiltData.TopDownExampleMap_BuiltData を検証しています
[2025.03.05-03.25.53:118][ 49]LogContentValidation: Display: World /Game/TopDownBP/Maps/TopDownExampleMap.TopDownExampleMap を検証しています
